Initialize engine version: 5.4.0f3 (a6d8d714de6f)
GfxDevice: creating device client; threaded=1
Direct3D:
    Version:  Direct3D 11.0 [level 11.0]
    Renderer: NVIDIA GeForce GTX 645 (ID=0x11c4)
    Vendor:   NVIDIA
    VRAM:     971 MB
Begin MonoManager ReloadAssembly
Platform assembly: C:\Repose\ProjetFinal_Creajeux_2016-2017\Unity\Hell's_bells _build3_Data\Managed\UnityEngine.dll (this message is harmless)
Loading C:\Repose\ProjetFinal_Creajeux_2016-2017\Unity\Hell's_bells _build3_Data\Managed\UnityEngine.dll into Unity Child Domain
Platform assembly: C:\Repose\ProjetFinal_Creajeux_2016-2017\Unity\Hell's_bells _build3_Data\Managed\Assembly-CSharp.dll (this message is harmless)
Loading C:\Repose\ProjetFinal_Creajeux_2016-2017\Unity\Hell's_bells _build3_Data\Managed\Assembly-CSharp.dll into Unity Child Domain
Platform assembly: C:\Repose\ProjetFinal_Creajeux_2016-2017\Unity\Hell's_bells _build3_Data\Managed\UnityEngine.UI.dll (this message is harmless)
Loading C:\Repose\ProjetFinal_Creajeux_2016-2017\Unity\Hell's_bells _build3_Data\Managed\UnityEngine.UI.dll into Unity Child Domain
Platform assembly: C:\Repose\ProjetFinal_Creajeux_2016-2017\Unity\Hell's_bells _build3_Data\Managed\UnityEngine.Networking.dll (this message is harmless)
Loading C:\Repose\ProjetFinal_Creajeux_2016-2017\Unity\Hell's_bells _build3_Data\Managed\UnityEngine.Networking.dll into Unity Child Domain
Platform assembly: C:\Repose\ProjetFinal_Creajeux_2016-2017\Unity\Hell's_bells _build3_Data\Managed\XInputDotNetPure.dll (this message is harmless)
Loading C:\Repose\ProjetFinal_Creajeux_2016-2017\Unity\Hell's_bells _build3_Data\Managed\XInputDotNetPure.dll into Unity Child Domain
Platform assembly: C:\Repose\ProjetFinal_Creajeux_2016-2017\Unity\Hell's_bells _build3_Data\Managed\XInputDotNetPure.dll (this message is harmless)
Loading C:\Repose\ProjetFinal_Creajeux_2016-2017\Unity\Hell's_bells _build3_Data\Managed\XInputDotNetPure.dll into Unity Child Domain
- Completed reload, in  0.149 seconds
Platform assembly: C:\Repose\ProjetFinal_Creajeux_2016-2017\Unity\Hell's_bells _build3_Data\Managed\System.Core.dll (this message is harmless)
Platform assembly: C:\Repose\ProjetFinal_Creajeux_2016-2017\Unity\Hell's_bells _build3_Data\Managed\System.dll (this message is harmless)
desktop: 1920x1080 60Hz; virtual: 1920x1080 at 0,0
<RI> Initializing input.
<RI.Hid> Failed to create device file:
 2 Le fichier spécifié est introuvable.

 
(Filename:  Line: 54)

<RI> Input initialized.
<RI> Initialized touch support.
UnloadTime: 0.508352 ms
Setting up 2 worker threads for Enlighten.
  Thread -> id: aa0 -> priority: 1 
  Thread -> id: 1bc8 -> priority: 1 
Unloading 5 Unused Serialized files (Serialized files now loaded: 0)
UnloadTime: 1.525662 ms

Unloading 11 unused Assets to reduce memory usage. Loaded Objects now: 291.
Total: 0.201348 ms (FindLiveObjects: 0.022338 ms CreateObjectMapping: 0.022640 ms MarkObjects: 0.113202 ms  DeleteObjects: 0.042865 ms)

GamePad found One
 
(Filename: C:/buildslave/unity/build/artifacts/generated/common/runtime/UnityEngineDebugBindings.gen.cpp Line: 42)

GamePad found One
 
(Filename: C:/buildslave/unity/build/artifacts/generated/common/runtime/UnityEngineDebugBindings.gen.cpp Line: 42)

Unloading 3 Unused Serialized files (Serialized files now loaded: 0)
UnloadTime: 0.281948 ms

Unloading 29 unused Assets to reduce memory usage. Loaded Objects now: 429.
Total: 0.394245 ms (FindLiveObjects: 0.010565 ms CreateObjectMapping: 0.020829 ms MarkObjects: 0.175085 ms  DeleteObjects: 0.187462 ms)

False
 
(Filename: C:/buildslave/unity/build/artifacts/generated/common/runtime/UnityEngineDebugBindings.gen.cpp Line: 42)

False
 
(Filename: C:/buildslave/unity/build/artifacts/generated/common/runtime/UnityEngineDebugBindings.gen.cpp Line: 42)

False
 
(Filename: C:/buildslave/unity/build/artifacts/generated/common/runtime/UnityEngineDebugBindings.gen.cpp Line: 42)

False
 
(Filename: C:/buildslave/unity/build/artifacts/generated/common/runtime/UnityEngineDebugBindings.gen.cpp Line: 42)

False
 
(Filename: C:/buildslave/unity/build/artifacts/generated/common/runtime/UnityEngineDebugBindings.gen.cpp Line: 42)

False
 
(Filename: C:/buildslave/unity/build/artifacts/generated/common/runtime/UnityEngineDebugBindings.gen.cpp Line: 42)

False
 
(Filename: C:/buildslave/unity/build/artifacts/generated/common/runtime/UnityEngineDebugBindings.gen.cpp Line: 42)

False
 
(Filename: C:/buildslave/unity/build/artifacts/generated/common/runtime/UnityEngineDebugBindings.gen.cpp Line: 42)

False
 
(Filename: C:/buildslave/unity/build/artifacts/generated/common/runtime/UnityEngineDebugBindings.gen.cpp Line: 42)

False
 
(Filename: C:/buildslave/unity/build/artifacts/generated/common/runtime/UnityEngineDebugBindings.gen.cpp Line: 42)

False
 
(Filename: C:/buildslave/unity/build/artifacts/generated/common/runtime/UnityEngineDebugBindings.gen.cpp Line: 42)

False
 
(Filename: C:/buildslave/unity/build/artifacts/generated/common/runtime/UnityEngineDebugBindings.gen.cpp Line: 42)

False
 
(Filename: C:/buildslave/unity/build/artifacts/generated/common/runtime/UnityEngineDebugBindings.gen.cpp Line: 42)

False
 
(Filename: C:/buildslave/unity/build/artifacts/generated/common/runtime/UnityEngineDebugBindings.gen.cpp Line: 42)

False
 
(Filename: C:/buildslave/unity/build/artifacts/generated/common/runtime/UnityEngineDebugBindings.gen.cpp Line: 42)

False
 
(Filename: C:/buildslave/unity/build/artifacts/generated/common/runtime/UnityEngineDebugBindings.gen.cpp Line: 42)

False
 
(Filename: C:/buildslave/unity/build/artifacts/generated/common/runtime/UnityEngineDebugBindings.gen.cpp Line: 42)

False
 
(Filename: C:/buildslave/unity/build/artifacts/generated/common/runtime/UnityEngineDebugBindings.gen.cpp Line: 42)

False
 
(Filename: C:/buildslave/unity/build/artifacts/generated/common/runtime/UnityEngineDebugBindings.gen.cpp Line: 42)

False
 
(Filename: C:/buildslave/unity/build/artifacts/generated/common/runtime/UnityEngineDebugBindings.gen.cpp Line: 42)

False
 
(Filename: C:/buildslave/unity/build/artifacts/generated/common/runtime/UnityEngineDebugBindings.gen.cpp Line: 42)

False
 
(Filename: C:/buildslave/unity/build/artifacts/generated/common/runtime/UnityEngineDebugBindings.gen.cpp Line: 42)

False
 
(Filename: C:/buildslave/unity/build/artifacts/generated/common/runtime/UnityEngineDebugBindings.gen.cpp Line: 42)

False
 
(Filename: C:/buildslave/unity/build/artifacts/generated/common/runtime/UnityEngineDebugBindings.gen.cpp Line: 42)

False
 
(Filename: C:/buildslave/unity/build/artifacts/generated/common/runtime/UnityEngineDebugBindings.gen.cpp Line: 42)

False
 
(Filename: C:/buildslave/unity/build/artifacts/generated/common/runtime/UnityEngineDebugBindings.gen.cpp Line: 42)

False
 
(Filename: C:/buildslave/unity/build/artifacts/generated/common/runtime/UnityEngineDebugBindings.gen.cpp Line: 42)

False
 
(Filename: C:/buildslave/unity/build/artifacts/generated/common/runtime/UnityEngineDebugBindings.gen.cpp Line: 42)

False
 
(Filename: C:/buildslave/unity/build/artifacts/generated/common/runtime/UnityEngineDebugBindings.gen.cpp Line: 42)

False
 
(Filename: C:/buildslave/unity/build/artifacts/generated/common/runtime/UnityEngineDebugBindings.gen.cpp Line: 42)

False
 
(Filename: C:/buildslave/unity/build/artifacts/generated/common/runtime/UnityEngineDebugBindings.gen.cpp Line: 42)

False
 
(Filename: C:/buildslave/unity/build/artifacts/generated/common/runtime/UnityEngineDebugBindings.gen.cpp Line: 42)

False
 
(Filename: C:/buildslave/unity/build/artifacts/generated/common/runtime/UnityEngineDebugBindings.gen.cpp Line: 42)

False
 
(Filename: C:/buildslave/unity/build/artifacts/generated/common/runtime/UnityEngineDebugBindings.gen.cpp Line: 42)

False
 
(Filename: C:/buildslave/unity/build/artifacts/generated/common/runtime/UnityEngineDebugBindings.gen.cpp Line: 42)

False
 
(Filename: C:/buildslave/unity/build/artifacts/generated/common/runtime/UnityEngineDebugBindings.gen.cpp Line: 42)

False
 
(Filename: C:/buildslave/unity/build/artifacts/generated/common/runtime/UnityEngineDebugBindings.gen.cpp Line: 42)

False
 
(Filename: C:/buildslave/unity/build/artifacts/generated/common/runtime/UnityEngineDebugBindings.gen.cpp Line: 42)

False
 
(Filename: C:/buildslave/unity/build/artifacts/generated/common/runtime/UnityEngineDebugBindings.gen.cpp Line: 42)

False
 
(Filename: C:/buildslave/unity/build/artifacts/generated/common/runtime/UnityEngineDebugBindings.gen.cpp Line: 42)

False
 
(Filename: C:/buildslave/unity/build/artifacts/generated/common/runtime/UnityEngineDebugBindings.gen.cpp Line: 42)

False
 
(Filename: C:/buildslave/unity/build/artifacts/generated/common/runtime/UnityEngineDebugBindings.gen.cpp Line: 42)

False
 
(Filename: C:/buildslave/unity/build/artifacts/generated/common/runtime/UnityEngineDebugBindings.gen.cpp Line: 42)

False
 
(Filename: C:/buildslave/unity/build/artifacts/generated/common/runtime/UnityEngineDebugBindings.gen.cpp Line: 42)

False
 
(Filename: C:/buildslave/unity/build/artifacts/generated/common/runtime/UnityEngineDebugBindings.gen.cpp Line: 42)

False
 
(Filename: C:/buildslave/unity/build/artifacts/generated/common/runtime/UnityEngineDebugBindings.gen.cpp Line: 42)

False
 
(Filename: C:/buildslave/unity/build/artifacts/generated/common/runtime/UnityEngineDebugBindings.gen.cpp Line: 42)

False
 
(Filename: C:/buildslave/unity/build/artifacts/generated/common/runtime/UnityEngineDebugBindings.gen.cpp Line: 42)

False
 
(Filename: C:/buildslave/unity/build/artifacts/generated/common/runtime/UnityEngineDebugBindings.gen.cpp Line: 42)

False
 
(Filename: C:/buildslave/unity/build/artifacts/generated/common/runtime/UnityEngineDebugBindings.gen.cpp Line: 42)

False
 
(Filename: C:/buildslave/unity/build/artifacts/generated/common/runtime/UnityEngineDebugBindings.gen.cpp Line: 42)

False
 
(Filename: C:/buildslave/unity/build/artifacts/generated/common/runtime/UnityEngineDebugBindings.gen.cpp Line: 42)

False
 
(Filename: C:/buildslave/unity/build/artifacts/generated/common/runtime/UnityEngineDebugBindings.gen.cpp Line: 42)

False
 
(Filename: C:/buildslave/unity/build/artifacts/generated/common/runtime/UnityEngineDebugBindings.gen.cpp Line: 42)

False
 
(Filename: C:/buildslave/unity/build/artifacts/generated/common/runtime/UnityEngineDebugBindings.gen.cpp Line: 42)

False
 
(Filename: C:/buildslave/unity/build/artifacts/generated/common/runtime/UnityEngineDebugBindings.gen.cpp Line: 42)

False
 
(Filename: C:/buildslave/unity/build/artifacts/generated/common/runtime/UnityEngineDebugBindings.gen.cpp Line: 42)

False
 
(Filename: C:/buildslave/unity/build/artifacts/generated/common/runtime/UnityEngineDebugBindings.gen.cpp Line: 42)

False
 
(Filename: C:/buildslave/unity/build/artifacts/generated/common/runtime/UnityEngineDebugBindings.gen.cpp Line: 42)

False
 
(Filename: C:/buildslave/unity/build/artifacts/generated/common/runtime/UnityEngineDebugBindings.gen.cpp Line: 42)

False
 
(Filename: C:/buildslave/unity/build/artifacts/generated/common/runtime/UnityEngineDebugBindings.gen.cpp Line: 42)

False
 
(Filename: C:/buildslave/unity/build/artifacts/generated/common/runtime/UnityEngineDebugBindings.gen.cpp Line: 42)

False
 
(Filename: C:/buildslave/unity/build/artifacts/generated/common/runtime/UnityEngineDebugBindings.gen.cpp Line: 42)

False
 
(Filename: C:/buildslave/unity/build/artifacts/generated/common/runtime/UnityEngineDebugBindings.gen.cpp Line: 42)

False
 
(Filename: C:/buildslave/unity/build/artifacts/generated/common/runtime/UnityEngineDebugBindings.gen.cpp Line: 42)

True
 
(Filename: C:/buildslave/unity/build/artifacts/generated/common/runtime/UnityEngineDebugBindings.gen.cpp Line: 42)

True
 
(Filename: C:/buildslave/unity/build/artifacts/generated/common/runtime/UnityEngineDebugBindings.gen.cpp Line: 42)

True
 
(Filename: C:/buildslave/unity/build/artifacts/generated/common/runtime/UnityEngineDebugBindings.gen.cpp Line: 42)

True
 
(Filename: C:/buildslave/unity/build/artifacts/generated/common/runtime/UnityEngineDebugBindings.gen.cpp Line: 42)

True
 
(Filename: C:/buildslave/unity/build/artifacts/generated/common/runtime/UnityEngineDebugBindings.gen.cpp Line: 42)

True
 
(Filename: C:/buildslave/unity/build/artifacts/generated/common/runtime/UnityEngineDebugBindings.gen.cpp Line: 42)

True
 
(Filename: C:/buildslave/unity/build/artifacts/generated/common/runtime/UnityEngineDebugBindings.gen.cpp Line: 42)

True
 
(Filename: C:/buildslave/unity/build/artifacts/generated/common/runtime/UnityEngineDebugBindings.gen.cpp Line: 42)

True
 
(Filename: C:/buildslave/unity/build/artifacts/generated/common/runtime/UnityEngineDebugBindings.gen.cpp Line: 42)

True
 
(Filename: C:/buildslave/unity/build/artifacts/generated/common/runtime/UnityEngineDebugBindings.gen.cpp Line: 42)

True
 
(Filename: C:/buildslave/unity/build/artifacts/generated/common/runtime/UnityEngineDebugBindings.gen.cpp Line: 42)

True
 
(Filename: C:/buildslave/unity/build/artifacts/generated/common/runtime/UnityEngineDebugBindings.gen.cpp Line: 42)

True
 
(Filename: C:/buildslave/unity/build/artifacts/generated/common/runtime/UnityEngineDebugBindings.gen.cpp Line: 42)

True
 
(Filename: C:/buildslave/unity/build/artifacts/generated/common/runtime/UnityEngineDebugBindings.gen.cpp Line: 42)

True
 
(Filename: C:/buildslave/unity/build/artifacts/generated/common/runtime/UnityEngineDebugBindings.gen.cpp Line: 42)

True
 
(Filename: C:/buildslave/unity/build/artifacts/generated/common/runtime/UnityEngineDebugBindings.gen.cpp Line: 42)

True
 
(Filename: C:/buildslave/unity/build/artifacts/generated/common/runtime/UnityEngineDebugBindings.gen.cpp Line: 42)

True
 
(Filename: C:/buildslave/unity/build/artifacts/generated/common/runtime/UnityEngineDebugBindings.gen.cpp Line: 42)

True
 
(Filename: C:/buildslave/unity/build/artifacts/generated/common/runtime/UnityEngineDebugBindings.gen.cpp Line: 42)

True
 
(Filename: C:/buildslave/unity/build/artifacts/generated/common/runtime/UnityEngineDebugBindings.gen.cpp Line: 42)

True
 
(Filename: C:/buildslave/unity/build/artifacts/generated/common/runtime/UnityEngineDebugBindings.gen.cpp Line: 42)

True
 
(Filename: C:/buildslave/unity/build/artifacts/generated/common/runtime/UnityEngineDebugBindings.gen.cpp Line: 42)

True
 
(Filename: C:/buildslave/unity/build/artifacts/generated/common/runtime/UnityEngineDebugBindings.gen.cpp Line: 42)

True
 
(Filename: C:/buildslave/unity/build/artifacts/generated/common/runtime/UnityEngineDebugBindings.gen.cpp Line: 42)

True
 
(Filename: C:/buildslave/unity/build/artifacts/generated/common/runtime/UnityEngineDebugBindings.gen.cpp Line: 42)

True
 
(Filename: C:/buildslave/unity/build/artifacts/generated/common/runtime/UnityEngineDebugBindings.gen.cpp Line: 42)

True
 
(Filename: C:/buildslave/unity/build/artifacts/generated/common/runtime/UnityEngineDebugBindings.gen.cpp Line: 42)

True
 
(Filename: C:/buildslave/unity/build/artifacts/generated/common/runtime/UnityEngineDebugBindings.gen.cpp Line: 42)

True
 
(Filename: C:/buildslave/unity/build/artifacts/generated/common/runtime/UnityEngineDebugBindings.gen.cpp Line: 42)

True
 
(Filename: C:/buildslave/unity/build/artifacts/generated/common/runtime/UnityEngineDebugBindings.gen.cpp Line: 42)

True
 
(Filename: C:/buildslave/unity/build/artifacts/generated/common/runtime/UnityEngineDebugBindings.gen.cpp Line: 42)

True
 
(Filename: C:/buildslave/unity/build/artifacts/generated/common/runtime/UnityEngineDebugBindings.gen.cpp Line: 42)

True
 
(Filename: C:/buildslave/unity/build/artifacts/generated/common/runtime/UnityEngineDebugBindings.gen.cpp Line: 42)

True
 
(Filename: C:/buildslave/unity/build/artifacts/generated/common/runtime/UnityEngineDebugBindings.gen.cpp Line: 42)

True
 
(Filename: C:/buildslave/unity/build/artifacts/generated/common/runtime/UnityEngineDebugBindings.gen.cpp Line: 42)

True
 
(Filename: C:/buildslave/unity/build/artifacts/generated/common/runtime/UnityEngineDebugBindings.gen.cpp Line: 42)

True
 
(Filename: C:/buildslave/unity/build/artifacts/generated/common/runtime/UnityEngineDebugBindings.gen.cpp Line: 42)

True
 
(Filename: C:/buildslave/unity/build/artifacts/generated/common/runtime/UnityEngineDebugBindings.gen.cpp Line: 42)

True
 
(Filename: C:/buildslave/unity/build/artifacts/generated/common/runtime/UnityEngineDebugBindings.gen.cpp Line: 42)

True
 
(Filename: C:/buildslave/unity/build/artifacts/generated/common/runtime/UnityEngineDebugBindings.gen.cpp Line: 42)

True
 
(Filename: C:/buildslave/unity/build/artifacts/generated/common/runtime/UnityEngineDebugBindings.gen.cpp Line: 42)

True
 
(Filename: C:/buildslave/unity/build/artifacts/generated/common/runtime/UnityEngineDebugBindings.gen.cpp Line: 42)

True
 
(Filename: C:/buildslave/unity/build/artifacts/generated/common/runtime/UnityEngineDebugBindings.gen.cpp Line: 42)

True
 
(Filename: C:/buildslave/unity/build/artifacts/generated/common/runtime/UnityEngineDebugBindings.gen.cpp Line: 42)

True
 
(Filename: C:/buildslave/unity/build/artifacts/generated/common/runtime/UnityEngineDebugBindings.gen.cpp Line: 42)

True
 
(Filename: C:/buildslave/unity/build/artifacts/generated/common/runtime/UnityEngineDebugBindings.gen.cpp Line: 42)

True
 
(Filename: C:/buildslave/unity/build/artifacts/generated/common/runtime/UnityEngineDebugBindings.gen.cpp Line: 42)

True
 
(Filename: C:/buildslave/unity/build/artifacts/generated/common/runtime/UnityEngineDebugBindings.gen.cpp Line: 42)

True
 
(Filename: C:/buildslave/unity/build/artifacts/generated/common/runtime/UnityEngineDebugBindings.gen.cpp Line: 42)

True
 
(Filename: C:/buildslave/unity/build/artifacts/generated/common/runtime/UnityEngineDebugBindings.gen.cpp Line: 42)

True
 
(Filename: C:/buildslave/unity/build/artifacts/generated/common/runtime/UnityEngineDebugBindings.gen.cpp Line: 42)

True
 
(Filename: C:/buildslave/unity/build/artifacts/generated/common/runtime/UnityEngineDebugBindings.gen.cpp Line: 42)

True
 
(Filename: C:/buildslave/unity/build/artifacts/generated/common/runtime/UnityEngineDebugBindings.gen.cpp Line: 42)

True
 
(Filename: C:/buildslave/unity/build/artifacts/generated/common/runtime/UnityEngineDebugBindings.gen.cpp Line: 42)

True
 
(Filename: C:/buildslave/unity/build/artifacts/generated/common/runtime/UnityEngineDebugBindings.gen.cpp Line: 42)

True
 
(Filename: C:/buildslave/unity/build/artifacts/generated/common/runtime/UnityEngineDebugBindings.gen.cpp Line: 42)

True
 
(Filename: C:/buildslave/unity/build/artifacts/generated/common/runtime/UnityEngineDebugBindings.gen.cpp Line: 42)

True
 
(Filename: C:/buildslave/unity/build/artifacts/generated/common/runtime/UnityEngineDebugBindings.gen.cpp Line: 42)

True
 
(Filename: C:/buildslave/unity/build/artifacts/generated/common/runtime/UnityEngineDebugBindings.gen.cpp Line: 42)

True
 
(Filename: C:/buildslave/unity/build/artifacts/generated/common/runtime/UnityEngineDebugBindings.gen.cpp Line: 42)

True
 
(Filename: C:/buildslave/unity/build/artifacts/generated/common/runtime/UnityEngineDebugBindings.gen.cpp Line: 42)

True
 
(Filename: C:/buildslave/unity/build/artifacts/generated/common/runtime/UnityEngineDebugBindings.gen.cpp Line: 42)

True
 
(Filename: C:/buildslave/unity/build/artifacts/generated/common/runtime/UnityEngineDebugBindings.gen.cpp Line: 42)

True
 
(Filename: C:/buildslave/unity/build/artifacts/generated/common/runtime/UnityEngineDebugBindings.gen.cpp Line: 42)

True
 
(Filename: C:/buildslave/unity/build/artifacts/generated/common/runtime/UnityEngineDebugBindings.gen.cpp Line: 42)

True
 
(Filename: C:/buildslave/unity/build/artifacts/generated/common/runtime/UnityEngineDebugBindings.gen.cpp Line: 42)

True
 
(Filename: C:/buildslave/unity/build/artifacts/generated/common/runtime/UnityEngineDebugBindings.gen.cpp Line: 42)

True
 
(Filename: C:/buildslave/unity/build/artifacts/generated/common/runtime/UnityEngineDebugBindings.gen.cpp Line: 42)

True
 
(Filename: C:/buildslave/unity/build/artifacts/generated/common/runtime/UnityEngineDebugBindings.gen.cpp Line: 42)

True
 
(Filename: C:/buildslave/unity/build/artifacts/generated/common/runtime/UnityEngineDebugBindings.gen.cpp Line: 42)

True
 
(Filename: C:/buildslave/unity/build/artifacts/generated/common/runtime/UnityEngineDebugBindings.gen.cpp Line: 42)

True
 
(Filename: C:/buildslave/unity/build/artifacts/generated/common/runtime/UnityEngineDebugBindings.gen.cpp Line: 42)

True
 
(Filename: C:/buildslave/unity/build/artifacts/generated/common/runtime/UnityEngineDebugBindings.gen.cpp Line: 42)

True
 
(Filename: C:/buildslave/unity/build/artifacts/generated/common/runtime/UnityEngineDebugBindings.gen.cpp Line: 42)

True
 
(Filename: C:/buildslave/unity/build/artifacts/generated/common/runtime/UnityEngineDebugBindings.gen.cpp Line: 42)

True
 
(Filename: C:/buildslave/unity/build/artifacts/generated/common/runtime/UnityEngineDebugBindings.gen.cpp Line: 42)

True
 
(Filename: C:/buildslave/unity/build/artifacts/generated/common/runtime/UnityEngineDebugBindings.gen.cpp Line: 42)

True
 
(Filename: C:/buildslave/unity/build/artifacts/generated/common/runtime/UnityEngineDebugBindings.gen.cpp Line: 42)

True
 
(Filename: C:/buildslave/unity/build/artifacts/generated/common/runtime/UnityEngineDebugBindings.gen.cpp Line: 42)

True
 
(Filename: C:/buildslave/unity/build/artifacts/generated/common/runtime/UnityEngineDebugBindings.gen.cpp Line: 42)

True
 
(Filename: C:/buildslave/unity/build/artifacts/generated/common/runtime/UnityEngineDebugBindings.gen.cpp Line: 42)

True
 
(Filename: C:/buildslave/unity/build/artifacts/generated/common/runtime/UnityEngineDebugBindings.gen.cpp Line: 42)

True
 
(Filename: C:/buildslave/unity/build/artifacts/generated/common/runtime/UnityEngineDebugBindings.gen.cpp Line: 42)

True
 
(Filename: C:/buildslave/unity/build/artifacts/generated/common/runtime/UnityEngineDebugBindings.gen.cpp Line: 42)

True
 
(Filename: C:/buildslave/unity/build/artifacts/generated/common/runtime/UnityEngineDebugBindings.gen.cpp Line: 42)

True
 
(Filename: C:/buildslave/unity/build/artifacts/generated/common/runtime/UnityEngineDebugBindings.gen.cpp Line: 42)

True
 
(Filename: C:/buildslave/unity/build/artifacts/generated/common/runtime/UnityEngineDebugBindings.gen.cpp Line: 42)

Unloading 6 Unused Serialized files (Serialized files now loaded: 0)
UnloadTime: 0.828337 ms

Unloading 22 unused Assets to reduce memory usage. Loaded Objects now: 529.
Total: 0.285269 ms (FindLiveObjects: 0.017206 ms CreateObjectMapping: 0.015093 ms MarkObjects: 0.171463 ms  DeleteObjects: 0.081505 ms)

2
 
(Filename: C:/buildslave/unity/build/artifacts/generated/common/runtime/UnityEngineDebugBindings.gen.cpp Line: 42)

NullReferenceException: Object reference not set to an instance of an object
  at UI_Character.Update_Texte () [0x00000] in <filename unknown>:0 
  at UI_Character.Update () [0x00000] in <filename unknown>:0 
 
(Filename:  Line: -1)

3
 
(Filename: C:/buildslave/unity/build/artifacts/generated/common/runtime/UnityEngineDebugBindings.gen.cpp Line: 42)

2
 
(Filename: C:/buildslave/unity/build/artifacts/generated/common/runtime/UnityEngineDebugBindings.gen.cpp Line: 42)

4
 
(Filename: C:/buildslave/unity/build/artifacts/generated/common/runtime/UnityEngineDebugBindings.gen.cpp Line: 42)

3
 
(Filename: C:/buildslave/unity/build/artifacts/generated/common/runtime/UnityEngineDebugBindings.gen.cpp Line: 42)

2
 
(Filename: C:/buildslave/unity/build/artifacts/generated/common/runtime/UnityEngineDebugBindings.gen.cpp Line: 42)

1
 
(Filename: C:/buildslave/unity/build/artifacts/generated/common/runtime/UnityEngineDebugBindings.gen.cpp Line: 42)

3
 
(Filename: C:/buildslave/unity/build/artifacts/generated/common/runtime/UnityEngineDebugBindings.gen.cpp Line: 42)

4
 
(Filename: C:/buildslave/unity/build/artifacts/generated/common/runtime/UnityEngineDebugBindings.gen.cpp Line: 42)

4
 
(Filename: C:/buildslave/unity/build/artifacts/generated/common/runtime/UnityEngineDebugBindings.gen.cpp Line: 42)

3
 
(Filename: C:/buildslave/unity/build/artifacts/generated/common/runtime/UnityEngineDebugBindings.gen.cpp Line: 42)

1
 
(Filename: C:/buildslave/unity/build/artifacts/generated/common/runtime/UnityEngineDebugBindings.gen.cpp Line: 42)

2
 
(Filename: C:/buildslave/unity/build/artifacts/generated/common/runtime/UnityEngineDebugBindings.gen.cpp Line: 42)

2
 
(Filename: C:/buildslave/unity/build/artifacts/generated/common/runtime/UnityEngineDebugBindings.gen.cpp Line: 42)

1
 
(Filename: C:/buildslave/unity/build/artifacts/generated/common/runtime/UnityEngineDebugBindings.gen.cpp Line: 42)

3
 
(Filename: C:/buildslave/unity/build/artifacts/generated/common/runtime/UnityEngineDebugBindings.gen.cpp Line: 42)

4
 
(Filename: C:/buildslave/unity/build/artifacts/generated/common/runtime/UnityEngineDebugBindings.gen.cpp Line: 42)

4
 
(Filename: C:/buildslave/unity/build/artifacts/generated/common/runtime/UnityEngineDebugBindings.gen.cpp Line: 42)

3
 
(Filename: C:/buildslave/unity/build/artifacts/generated/common/runtime/UnityEngineDebugBindings.gen.cpp Line: 42)

1
 
(Filename: C:/buildslave/unity/build/artifacts/generated/common/runtime/UnityEngineDebugBindings.gen.cpp Line: 42)

Test
 
(Filename: C:/buildslave/unity/build/artifacts/generated/common/runtime/UnityEngineDebugBindings.gen.cpp Line: 42)

Test
 
(Filename: C:/buildslave/unity/build/artifacts/generated/common/runtime/UnityEngineDebugBindings.gen.cpp Line: 42)

Battle
 
(Filename: C:/buildslave/unity/build/artifacts/generated/common/runtime/UnityEngineDebugBindings.gen.cpp Line: 42)

The referenced script on this Behaviour (Game Object 'Arena') is missing!
 
(Filename:  Line: 1656)

The referenced script on this Behaviour (Game Object 'SoundsManager') is missing!
 
(Filename:  Line: 1656)

Unloading 7 Unused Serialized files (Serialized files now loaded: 0)
UnloadTime: 0.445563 ms

Unloading 158 unused Assets to reduce memory usage. Loaded Objects now: 372.
Total: 0.235158 ms (FindLiveObjects: 0.017810 ms CreateObjectMapping: 0.015093 ms MarkObjects: 0.138257 ms  DeleteObjects: 0.063393 ms)

IndexOutOfRangeException: Array index is out of range.
  at Arena_Description.Update_Name () [0x00000] in <filename unknown>:0 
  at Arena_Description.Update () [0x00000] in <filename unknown>:0 
 
(Filename:  Line: -1)

Test
 
(Filename: C:/buildslave/unity/build/artifacts/generated/common/runtime/UnityEngineDebugBindings.gen.cpp Line: 42)

IndexOutOfRangeException: Array index is out of range.
  at Arena_Description.Update_Name () [0x00000] in <filename unknown>:0 
  at Arena_Description.Update () [0x00000] in <filename unknown>:0 
 
(Filename:  Line: -1)

Test
 
(Filename: C:/buildslave/unity/build/artifacts/generated/common/runtime/UnityEngineDebugBindings.gen.cpp Line: 42)

IndexOutOfRangeException: Array index is out of range.
  at Arena_Description.Update_Name () [0x00000] in <filename unknown>:0 
  at Arena_Description.Update () [0x00000] in <filename unknown>:0 
 
(Filename:  Line: -1)

Test
 
(Filename: C:/buildslave/unity/build/artifacts/generated/common/runtime/UnityEngineDebugBindings.gen.cpp Line: 42)

IndexOutOfRangeException: Array index is out of range.
  at Arena_Description.Update_Name () [0x00000] in <filename unknown>:0 
  at Arena_Description.Update () [0x00000] in <filename unknown>:0 
 
(Filename:  Line: -1)

Test
 
(Filename: C:/buildslave/unity/build/artifacts/generated/common/runtime/UnityEngineDebugBindings.gen.cpp Line: 42)

IndexOutOfRangeException: Array index is out of range.
  at Arena_Description.Update_Name () [0x00000] in <filename unknown>:0 
  at Arena_Description.Update () [0x00000] in <filename unknown>:0 
 
(Filename:  Line: -1)

Test
 
(Filename: C:/buildslave/unity/build/artifacts/generated/common/runtime/UnityEngineDebugBindings.gen.cpp Line: 42)

IndexOutOfRangeException: Array index is out of range.
  at Arena_Description.Update_Name () [0x00000] in <filename unknown>:0 
  at Arena_Description.Update () [0x00000] in <filename unknown>:0 
 
(Filename:  Line: -1)

Test
 
(Filename: C:/buildslave/unity/build/artifacts/generated/common/runtime/UnityEngineDebugBindings.gen.cpp Line: 42)

IndexOutOfRangeException: Array index is out of range.
  at Arena_Description.Update_Name () [0x00000] in <filename unknown>:0 
  at Arena_Description.Update () [0x00000] in <filename unknown>:0 
 
(Filename:  Line: -1)

Test
 
(Filename: C:/buildslave/unity/build/artifacts/generated/common/runtime/UnityEngineDebugBindings.gen.cpp Line: 42)

IndexOutOfRangeException: Array index is out of range.
  at Arena_Description.Update_Name () [0x00000] in <filename unknown>:0 
  at Arena_Description.Update () [0x00000] in <filename unknown>:0 
 
(Filename:  Line: -1)

Test
 
(Filename: C:/buildslave/unity/build/artifacts/generated/common/runtime/UnityEngineDebugBindings.gen.cpp Line: 42)

IndexOutOfRangeException: Array index is out of range.
  at Arena_Description.Update_Name () [0x00000] in <filename unknown>:0 
  at Arena_Description.Update () [0x00000] in <filename unknown>:0 
 
(Filename:  Line: -1)

Test
 
(Filename: C:/buildslave/unity/build/artifacts/generated/common/runtime/UnityEngineDebugBindings.gen.cpp Line: 42)

IndexOutOfRangeException: Array index is out of range.
  at Arena_Description.Update_Name () [0x00000] in <filename unknown>:0 
  at Arena_Description.Update () [0x00000] in <filename unknown>:0 
 
(Filename:  Line: -1)

Test
 
(Filename: C:/buildslave/unity/build/artifacts/generated/common/runtime/UnityEngineDebugBindings.gen.cpp Line: 42)

IndexOutOfRangeException: Array index is out of range.
  at Arena_Description.Update_Name () [0x00000] in <filename unknown>:0 
  at Arena_Description.Update () [0x00000] in <filename unknown>:0 
 
(Filename:  Line: -1)

Test
 
(Filename: C:/buildslave/unity/build/artifacts/generated/common/runtime/UnityEngineDebugBindings.gen.cpp Line: 42)

IndexOutOfRangeException: Array index is out of range.
  at Arena_Description.Update_Name () [0x00000] in <filename unknown>:0 
  at Arena_Description.Update () [0x00000] in <filename unknown>:0 
 
(Filename:  Line: -1)

Test
 
(Filename: C:/buildslave/unity/build/artifacts/generated/common/runtime/UnityEngineDebugBindings.gen.cpp Line: 42)

IndexOutOfRangeException: Array index is out of range.
  at Arena_Description.Update_Name () [0x00000] in <filename unknown>:0 
  at Arena_Description.Update () [0x00000] in <filename unknown>:0 
 
(Filename:  Line: -1)

Test
 
(Filename: C:/buildslave/unity/build/artifacts/generated/common/runtime/UnityEngineDebugBindings.gen.cpp Line: 42)

IndexOutOfRangeException: Array index is out of range.
  at Arena_Description.Update_Name () [0x00000] in <filename unknown>:0 
  at Arena_Description.Update () [0x00000] in <filename unknown>:0 
 
(Filename:  Line: -1)

Test
 
(Filename: C:/buildslave/unity/build/artifacts/generated/common/runtime/UnityEngineDebugBindings.gen.cpp Line: 42)

IndexOutOfRangeException: Array index is out of range.
  at Arena_Description.Update_Name () [0x00000] in <filename unknown>:0 
  at Arena_Description.Update () [0x00000] in <filename unknown>:0 
 
(Filename:  Line: -1)

Test
 
(Filename: C:/buildslave/unity/build/artifacts/generated/common/runtime/UnityEngineDebugBindings.gen.cpp Line: 42)

IndexOutOfRangeException: Array index is out of range.
  at Arena_Description.Update_Name () [0x00000] in <filename unknown>:0 
  at Arena_Description.Update () [0x00000] in <filename unknown>:0 
 
(Filename:  Line: -1)

Test
 
(Filename: C:/buildslave/unity/build/artifacts/generated/common/runtime/UnityEngineDebugBindings.gen.cpp Line: 42)

IndexOutOfRangeException: Array index is out of range.
  at Arena_Description.Update_Name () [0x00000] in <filename unknown>:0 
  at Arena_Description.Update () [0x00000] in <filename unknown>:0 
 
(Filename:  Line: -1)

Test
 
(Filename: C:/buildslave/unity/build/artifacts/generated/common/runtime/UnityEngineDebugBindings.gen.cpp Line: 42)

IndexOutOfRangeException: Array index is out of range.
  at Arena_Description.Update_Name () [0x00000] in <filename unknown>:0 
  at Arena_Description.Update () [0x00000] in <filename unknown>:0 
 
(Filename:  Line: -1)

Test
 
(Filename: C:/buildslave/unity/build/artifacts/generated/common/runtime/UnityEngineDebugBindings.gen.cpp Line: 42)

IndexOutOfRangeException: Array index is out of range.
  at Arena_Description.Update_Name () [0x00000] in <filename unknown>:0 
  at Arena_Description.Update () [0x00000] in <filename unknown>:0 
 
(Filename:  Line: -1)

Test
 
(Filename: C:/buildslave/unity/build/artifacts/generated/common/runtime/UnityEngineDebugBindings.gen.cpp Line: 42)

IndexOutOfRangeException: Array index is out of range.
  at Arena_Description.Update_Name () [0x00000] in <filename unknown>:0 
  at Arena_Description.Update () [0x00000] in <filename unknown>:0 
 
(Filename:  Line: -1)

Test
 
(Filename: C:/buildslave/unity/build/artifacts/generated/common/runtime/UnityEngineDebugBindings.gen.cpp Line: 42)

IndexOutOfRangeException: Array index is out of range.
  at Arena_Description.Update_Name () [0x00000] in <filename unknown>:0 
  at Arena_Description.Update () [0x00000] in <filename unknown>:0 
 
(Filename:  Line: -1)

Test
 
(Filename: C:/buildslave/unity/build/artifacts/generated/common/runtime/UnityEngineDebugBindings.gen.cpp Line: 42)

IndexOutOfRangeException: Array index is out of range.
  at Arena_Description.Update_Name () [0x00000] in <filename unknown>:0 
  at Arena_Description.Update () [0x00000] in <filename unknown>:0 
 
(Filename:  Line: -1)

Test
 
(Filename: C:/buildslave/unity/build/artifacts/generated/common/runtime/UnityEngineDebugBindings.gen.cpp Line: 42)

IndexOutOfRangeException: Array index is out of range.
  at Arena_Description.Update_Name () [0x00000] in <filename unknown>:0 
  at Arena_Description.Update () [0x00000] in <filename unknown>:0 
 
(Filename:  Line: -1)

Test
 
(Filename: C:/buildslave/unity/build/artifacts/generated/common/runtime/UnityEngineDebugBindings.gen.cpp Line: 42)

IndexOutOfRangeException: Array index is out of range.
  at Arena_Description.Update_Name () [0x00000] in <filename unknown>:0 
  at Arena_Description.Update () [0x00000] in <filename unknown>:0 
 
(Filename:  Line: -1)

Test
 
(Filename: C:/buildslave/unity/build/artifacts/generated/common/runtime/UnityEngineDebugBindings.gen.cpp Line: 42)

IndexOutOfRangeException: Array index is out of range.
  at Arena_Description.Update_Name () [0x00000] in <filename unknown>:0 
  at Arena_Description.Update () [0x00000] in <filename unknown>:0 
 
(Filename:  Line: -1)

Test
 
(Filename: C:/buildslave/unity/build/artifacts/generated/common/runtime/UnityEngineDebugBindings.gen.cpp Line: 42)

IndexOutOfRangeException: Array index is out of range.
  at Arena_Description.Update_Name () [0x00000] in <filename unknown>:0 
  at Arena_Description.Update () [0x00000] in <filename unknown>:0 
 
(Filename:  Line: -1)

Test
 
(Filename: C:/buildslave/unity/build/artifacts/generated/common/runtime/UnityEngineDebugBindings.gen.cpp Line: 42)

IndexOutOfRangeException: Array index is out of range.
  at Arena_Description.Update_Name () [0x00000] in <filename unknown>:0 
  at Arena_Description.Update () [0x00000] in <filename unknown>:0 
 
(Filename:  Line: -1)

Test
 
(Filename: C:/buildslave/unity/build/artifacts/generated/common/runtime/UnityEngineDebugBindings.gen.cpp Line: 42)

IndexOutOfRangeException: Array index is out of range.
  at Arena_Description.Update_Name () [0x00000] in <filename unknown>:0 
  at Arena_Description.Update () [0x00000] in <filename unknown>:0 
 
(Filename:  Line: -1)

Test
 
(Filename: C:/buildslave/unity/build/artifacts/generated/common/runtime/UnityEngineDebugBindings.gen.cpp Line: 42)

IndexOutOfRangeException: Array index is out of range.
  at Arena_Description.Update_Name () [0x00000] in <filename unknown>:0 
  at Arena_Description.Update () [0x00000] in <filename unknown>:0 
 
(Filename:  Line: -1)

Test
 
(Filename: C:/buildslave/unity/build/artifacts/generated/common/runtime/UnityEngineDebugBindings.gen.cpp Line: 42)

IndexOutOfRangeException: Array index is out of range.
  at Arena_Description.Update_Name () [0x00000] in <filename unknown>:0 
  at Arena_Description.Update () [0x00000] in <filename unknown>:0 
 
(Filename:  Line: -1)

Test
 
(Filename: C:/buildslave/unity/build/artifacts/generated/common/runtime/UnityEngineDebugBindings.gen.cpp Line: 42)

IndexOutOfRangeException: Array index is out of range.
  at Arena_Description.Update_Name () [0x00000] in <filename unknown>:0 
  at Arena_Description.Update () [0x00000] in <filename unknown>:0 
 
(Filename:  Line: -1)

Test
 
(Filename: C:/buildslave/unity/build/artifacts/generated/common/runtime/UnityEngineDebugBindings.gen.cpp Line: 42)

IndexOutOfRangeException: Array index is out of range.
  at Arena_Description.Update_Name () [0x00000] in <filename unknown>:0 
  at Arena_Description.Update () [0x00000] in <filename unknown>:0 
 
(Filename:  Line: -1)

Test
 
(Filename: C:/buildslave/unity/build/artifacts/generated/common/runtime/UnityEngineDebugBindings.gen.cpp Line: 42)

IndexOutOfRangeException: Array index is out of range.
  at Arena_Description.Update_Name () [0x00000] in <filename unknown>:0 
  at Arena_Description.Update () [0x00000] in <filename unknown>:0 
 
(Filename:  Line: -1)

Test
 
(Filename: C:/buildslave/unity/build/artifacts/generated/common/runtime/UnityEngineDebugBindings.gen.cpp Line: 42)

IndexOutOfRangeException: Array index is out of range.
  at Arena_Description.Update_Name () [0x00000] in <filename unknown>:0 
  at Arena_Description.Update () [0x00000] in <filename unknown>:0 
 
(Filename:  Line: -1)

Test
 
(Filename: C:/buildslave/unity/build/artifacts/generated/common/runtime/UnityEngineDebugBindings.gen.cpp Line: 42)

IndexOutOfRangeException: Array index is out of range.
  at Arena_Description.Update_Name () [0x00000] in <filename unknown>:0 
  at Arena_Description.Update () [0x00000] in <filename unknown>:0 
 
(Filename:  Line: -1)

Test
 
(Filename: C:/buildslave/unity/build/artifacts/generated/common/runtime/UnityEngineDebugBindings.gen.cpp Line: 42)

IndexOutOfRangeException: Array index is out of range.
  at Arena_Description.Update_Name () [0x00000] in <filename unknown>:0 
  at Arena_Description.Update () [0x00000] in <filename unknown>:0 
 
(Filename:  Line: -1)

Test
 
(Filename: C:/buildslave/unity/build/artifacts/generated/common/runtime/UnityEngineDebugBindings.gen.cpp Line: 42)

IndexOutOfRangeException: Array index is out of range.
  at Arena_Description.Update_Name () [0x00000] in <filename unknown>:0 
  at Arena_Description.Update () [0x00000] in <filename unknown>:0 
 
(Filename:  Line: -1)

Test
 
(Filename: C:/buildslave/unity/build/artifacts/generated/common/runtime/UnityEngineDebugBindings.gen.cpp Line: 42)

IndexOutOfRangeException: Array index is out of range.
  at Arena_Description.Update_Name () [0x00000] in <filename unknown>:0 
  at Arena_Description.Update () [0x00000] in <filename unknown>:0 
 
(Filename:  Line: -1)

Test
 
(Filename: C:/buildslave/unity/build/artifacts/generated/common/runtime/UnityEngineDebugBindings.gen.cpp Line: 42)

IndexOutOfRangeException: Array index is out of range.
  at Arena_Description.Update_Name () [0x00000] in <filename unknown>:0 
  at Arena_Description.Update () [0x00000] in <filename unknown>:0 
 
(Filename:  Line: -1)

Test
 
(Filename: C:/buildslave/unity/build/artifacts/generated/common/runtime/UnityEngineDebugBindings.gen.cpp Line: 42)

IndexOutOfRangeException: Array index is out of range.
  at Arena_Description.Update_Name () [0x00000] in <filename unknown>:0 
  at Arena_Description.Update () [0x00000] in <filename unknown>:0 
 
(Filename:  Line: -1)

Test
 
(Filename: C:/buildslave/unity/build/artifacts/generated/common/runtime/UnityEngineDebugBindings.gen.cpp Line: 42)

IndexOutOfRangeException: Array index is out of range.
  at Arena_Description.Update_Name () [0x00000] in <filename unknown>:0 
  at Arena_Description.Update () [0x00000] in <filename unknown>:0 
 
(Filename:  Line: -1)

Test
 
(Filename: C:/buildslave/unity/build/artifacts/generated/common/runtime/UnityEngineDebugBindings.gen.cpp Line: 42)

IndexOutOfRangeException: Array index is out of range.
  at Arena_Description.Update_Name () [0x00000] in <filename unknown>:0 
  at Arena_Description.Update () [0x00000] in <filename unknown>:0 
 
(Filename:  Line: -1)

Test
 
(Filename: C:/buildslave/unity/build/artifacts/generated/common/runtime/UnityEngineDebugBindings.gen.cpp Line: 42)

IndexOutOfRangeException: Array index is out of range.
  at Arena_Description.Update_Name () [0x00000] in <filename unknown>:0 
  at Arena_Description.Update () [0x00000] in <filename unknown>:0 
 
(Filename:  Line: -1)

Test
 
(Filename: C:/buildslave/unity/build/artifacts/generated/common/runtime/UnityEngineDebugBindings.gen.cpp Line: 42)

IndexOutOfRangeException: Array index is out of range.
  at Arena_Description.Update_Name () [0x00000] in <filename unknown>:0 
  at Arena_Description.Update () [0x00000] in <filename unknown>:0 
 
(Filename:  Line: -1)

Test
 
(Filename: C:/buildslave/unity/build/artifacts/generated/common/runtime/UnityEngineDebugBindings.gen.cpp Line: 42)

IndexOutOfRangeException: Array index is out of range.
  at Arena_Description.Update_Name () [0x00000] in <filename unknown>:0 
  at Arena_Description.Update () [0x00000] in <filename unknown>:0 
 
(Filename:  Line: -1)

Test
 
(Filename: C:/buildslave/unity/build/artifacts/generated/common/runtime/UnityEngineDebugBindings.gen.cpp Line: 42)

IndexOutOfRangeException: Array index is out of range.
  at Arena_Description.Update_Name () [0x00000] in <filename unknown>:0 
  at Arena_Description.Update () [0x00000] in <filename unknown>:0 
 
(Filename:  Line: -1)

Test
 
(Filename: C:/buildslave/unity/build/artifacts/generated/common/runtime/UnityEngineDebugBindings.gen.cpp Line: 42)

IndexOutOfRangeException: Array index is out of range.
  at Arena_Description.Update_Name () [0x00000] in <filename unknown>:0 
  at Arena_Description.Update () [0x00000] in <filename unknown>:0 
 
(Filename:  Line: -1)

Test
 
(Filename: C:/buildslave/unity/build/artifacts/generated/common/runtime/UnityEngineDebugBindings.gen.cpp Line: 42)

IndexOutOfRangeException: Array index is out of range.
  at Arena_Description.Update_Name () [0x00000] in <filename unknown>:0 
  at Arena_Description.Update () [0x00000] in <filename unknown>:0 
 
(Filename:  Line: -1)

Test
 
(Filename: C:/buildslave/unity/build/artifacts/generated/common/runtime/UnityEngineDebugBindings.gen.cpp Line: 42)

IndexOutOfRangeException: Array index is out of range.
  at Arena_Description.Update_Name () [0x00000] in <filename unknown>:0 
  at Arena_Description.Update () [0x00000] in <filename unknown>:0 
 
(Filename:  Line: -1)

Test
 
(Filename: C:/buildslave/unity/build/artifacts/generated/common/runtime/UnityEngineDebugBindings.gen.cpp Line: 42)

IndexOutOfRangeException: Array index is out of range.
  at Arena_Description.Update_Name () [0x00000] in <filename unknown>:0 
  at Arena_Description.Update () [0x00000] in <filename unknown>:0 
 
(Filename:  Line: -1)

Test
 
(Filename: C:/buildslave/unity/build/artifacts/generated/common/runtime/UnityEngineDebugBindings.gen.cpp Line: 42)

IndexOutOfRangeException: Array index is out of range.
  at Arena_Description.Update_Name () [0x00000] in <filename unknown>:0 
  at Arena_Description.Update () [0x00000] in <filename unknown>:0 
 
(Filename:  Line: -1)

Test
 
(Filename: C:/buildslave/unity/build/artifacts/generated/common/runtime/UnityEngineDebugBindings.gen.cpp Line: 42)

IndexOutOfRangeException: Array index is out of range.
  at Arena_Description.Update_Name () [0x00000] in <filename unknown>:0 
  at Arena_Description.Update () [0x00000] in <filename unknown>:0 
 
(Filename:  Line: -1)

Test
 
(Filename: C:/buildslave/unity/build/artifacts/generated/common/runtime/UnityEngineDebugBindings.gen.cpp Line: 42)

IndexOutOfRangeException: Array index is out of range.
  at Arena_Description.Update_Name () [0x00000] in <filename unknown>:0 
  at Arena_Description.Update () [0x00000] in <filename unknown>:0 
 
(Filename:  Line: -1)

Test
 
(Filename: C:/buildslave/unity/build/artifacts/generated/common/runtime/UnityEngineDebugBindings.gen.cpp Line: 42)

IndexOutOfRangeException: Array index is out of range.
  at Arena_Description.Update_Name () [0x00000] in <filename unknown>:0 
  at Arena_Description.Update () [0x00000] in <filename unknown>:0 
 
(Filename:  Line: -1)

Test
 
(Filename: C:/buildslave/unity/build/artifacts/generated/common/runtime/UnityEngineDebugBindings.gen.cpp Line: 42)

IndexOutOfRangeException: Array index is out of range.
  at Arena_Description.Update_Name () [0x00000] in <filename unknown>:0 
  at Arena_Description.Update () [0x00000] in <filename unknown>:0 
 
(Filename:  Line: -1)

Test
 
(Filename: C:/buildslave/unity/build/artifacts/generated/common/runtime/UnityEngineDebugBindings.gen.cpp Line: 42)

IndexOutOfRangeException: Array index is out of range.
  at Arena_Description.Update_Name () [0x00000] in <filename unknown>:0 
  at Arena_Description.Update () [0x00000] in <filename unknown>:0 
 
(Filename:  Line: -1)

Test
 
(Filename: C:/buildslave/unity/build/artifacts/generated/common/runtime/UnityEngineDebugBindings.gen.cpp Line: 42)

IndexOutOfRangeException: Array index is out of range.
  at Arena_Description.Update_Name () [0x00000] in <filename unknown>:0 
  at Arena_Description.Update () [0x00000] in <filename unknown>:0 
 
(Filename:  Line: -1)

Test
 
(Filename: C:/buildslave/unity/build/artifacts/generated/common/runtime/UnityEngineDebugBindings.gen.cpp Line: 42)

IndexOutOfRangeException: Array index is out of range.
  at Arena_Description.Update_Name () [0x00000] in <filename unknown>:0 
  at Arena_Description.Update () [0x00000] in <filename unknown>:0 
 
(Filename:  Line: -1)

Test
 
(Filename: C:/buildslave/unity/build/artifacts/generated/common/runtime/UnityEngineDebugBindings.gen.cpp Line: 42)

IndexOutOfRangeException: Array index is out of range.
  at Arena_Description.Update_Name () [0x00000] in <filename unknown>:0 
  at Arena_Description.Update () [0x00000] in <filename unknown>:0 
 
(Filename:  Line: -1)

Test
 
(Filename: C:/buildslave/unity/build/artifacts/generated/common/runtime/UnityEngineDebugBindings.gen.cpp Line: 42)

IndexOutOfRangeException: Array index is out of range.
  at Arena_Description.Update_Name () [0x00000] in <filename unknown>:0 
  at Arena_Description.Update () [0x00000] in <filename unknown>:0 
 
(Filename:  Line: -1)

Test
 
(Filename: C:/buildslave/unity/build/artifacts/generated/common/runtime/UnityEngineDebugBindings.gen.cpp Line: 42)

IndexOutOfRangeException: Array index is out of range.
  at Arena_Description.Update_Name () [0x00000] in <filename unknown>:0 
  at Arena_Description.Update () [0x00000] in <filename unknown>:0 
 
(Filename:  Line: -1)

Test
 
(Filename: C:/buildslave/unity/build/artifacts/generated/common/runtime/UnityEngineDebugBindings.gen.cpp Line: 42)

IndexOutOfRangeException: Array index is out of range.
  at Arena_Description.Update_Name () [0x00000] in <filename unknown>:0 
  at Arena_Description.Update () [0x00000] in <filename unknown>:0 
 
(Filename:  Line: -1)

Test
 
(Filename: C:/buildslave/unity/build/artifacts/generated/common/runtime/UnityEngineDebugBindings.gen.cpp Line: 42)

IndexOutOfRangeException: Array index is out of range.
  at Arena_Description.Update_Name () [0x00000] in <filename unknown>:0 
  at Arena_Description.Update () [0x00000] in <filename unknown>:0 
 
(Filename:  Line: -1)

Test
 
(Filename: C:/buildslave/unity/build/artifacts/generated/common/runtime/UnityEngineDebugBindings.gen.cpp Line: 42)

IndexOutOfRangeException: Array index is out of range.
  at Arena_Description.Update_Name () [0x00000] in <filename unknown>:0 
  at Arena_Description.Update () [0x00000] in <filename unknown>:0 
 
(Filename:  Line: -1)

Test
 
(Filename: C:/buildslave/unity/build/artifacts/generated/common/runtime/UnityEngineDebugBindings.gen.cpp Line: 42)

IndexOutOfRangeException: Array index is out of range.
  at Arena_Description.Update_Name () [0x00000] in <filename unknown>:0 
  at Arena_Description.Update () [0x00000] in <filename unknown>:0 
 
(Filename:  Line: -1)

Test
 
(Filename: C:/buildslave/unity/build/artifacts/generated/common/runtime/UnityEngineDebugBindings.gen.cpp Line: 42)

IndexOutOfRangeException: Array index is out of range.
  at Arena_Description.Update_Name () [0x00000] in <filename unknown>:0 
  at Arena_Description.Update () [0x00000] in <filename unknown>:0 
 
(Filename:  Line: -1)

Test
 
(Filename: C:/buildslave/unity/build/artifacts/generated/common/runtime/UnityEngineDebugBindings.gen.cpp Line: 42)

IndexOutOfRangeException: Array index is out of range.
  at Arena_Description.Update_Name () [0x00000] in <filename unknown>:0 
  at Arena_Description.Update () [0x00000] in <filename unknown>:0 
 
(Filename:  Line: -1)

Test
 
(Filename: C:/buildslave/unity/build/artifacts/generated/common/runtime/UnityEngineDebugBindings.gen.cpp Line: 42)

IndexOutOfRangeException: Array index is out of range.
  at Arena_Description.Update_Name () [0x00000] in <filename unknown>:0 
  at Arena_Description.Update () [0x00000] in <filename unknown>:0 
 
(Filename:  Line: -1)

Test
 
(Filename: C:/buildslave/unity/build/artifacts/generated/common/runtime/UnityEngineDebugBindings.gen.cpp Line: 42)

IndexOutOfRangeException: Array index is out of range.
  at Arena_Description.Update_Name () [0x00000] in <filename unknown>:0 
  at Arena_Description.Update () [0x00000] in <filename unknown>:0 
 
(Filename:  Line: -1)

Test
 
(Filename: C:/buildslave/unity/build/artifacts/generated/common/runtime/UnityEngineDebugBindings.gen.cpp Line: 42)

IndexOutOfRangeException: Array index is out of range.
  at Arena_Description.Update_Name () [0x00000] in <filename unknown>:0 
  at Arena_Description.Update () [0x00000] in <filename unknown>:0 
 
(Filename:  Line: -1)

Test
 
(Filename: C:/buildslave/unity/build/artifacts/generated/common/runtime/UnityEngineDebugBindings.gen.cpp Line: 42)

IndexOutOfRangeException: Array index is out of range.
  at Arena_Description.Update_Name () [0x00000] in <filename unknown>:0 
  at Arena_Description.Update () [0x00000] in <filename unknown>:0 
 
(Filename:  Line: -1)

Test
 
(Filename: C:/buildslave/unity/build/artifacts/generated/common/runtime/UnityEngineDebugBindings.gen.cpp Line: 42)

IndexOutOfRangeException: Array index is out of range.
  at Arena_Description.Update_Name () [0x00000] in <filename unknown>:0 
  at Arena_Description.Update () [0x00000] in <filename unknown>:0 
 
(Filename:  Line: -1)

Test
 
(Filename: C:/buildslave/unity/build/artifacts/generated/common/runtime/UnityEngineDebugBindings.gen.cpp Line: 42)

IndexOutOfRangeException: Array index is out of range.
  at Arena_Description.Update_Name () [0x00000] in <filename unknown>:0 
  at Arena_Description.Update () [0x00000] in <filename unknown>:0 
 
(Filename:  Line: -1)

Test
 
(Filename: C:/buildslave/unity/build/artifacts/generated/common/runtime/UnityEngineDebugBindings.gen.cpp Line: 42)

IndexOutOfRangeException: Array index is out of range.
  at Arena_Description.Update_Name () [0x00000] in <filename unknown>:0 
  at Arena_Description.Update () [0x00000] in <filename unknown>:0 
 
(Filename:  Line: -1)

Test
 
(Filename: C:/buildslave/unity/build/artifacts/generated/common/runtime/UnityEngineDebugBindings.gen.cpp Line: 42)

IndexOutOfRangeException: Array index is out of range.
  at Arena_Description.Update_Name () [0x00000] in <filename unknown>:0 
  at Arena_Description.Update () [0x00000] in <filename unknown>:0 
 
(Filename:  Line: -1)

Test
 
(Filename: C:/buildslave/unity/build/artifacts/generated/common/runtime/UnityEngineDebugBindings.gen.cpp Line: 42)

IndexOutOfRangeException: Array index is out of range.
  at Arena_Description.Update_Name () [0x00000] in <filename unknown>:0 
  at Arena_Description.Update () [0x00000] in <filename unknown>:0 
 
(Filename:  Line: -1)

Test
 
(Filename: C:/buildslave/unity/build/artifacts/generated/common/runtime/UnityEngineDebugBindings.gen.cpp Line: 42)

IndexOutOfRangeException: Array index is out of range.
  at Arena_Description.Update_Name () [0x00000] in <filename unknown>:0 
  at Arena_Description.Update () [0x00000] in <filename unknown>:0 
 
(Filename:  Line: -1)

Test
 
(Filename: C:/buildslave/unity/build/artifacts/generated/common/runtime/UnityEngineDebugBindings.gen.cpp Line: 42)

IndexOutOfRangeException: Array index is out of range.
  at Arena_Description.Update_Name () [0x00000] in <filename unknown>:0 
  at Arena_Description.Update () [0x00000] in <filename unknown>:0 
 
(Filename:  Line: -1)

Test
 
(Filename: C:/buildslave/unity/build/artifacts/generated/common/runtime/UnityEngineDebugBindings.gen.cpp Line: 42)

IndexOutOfRangeException: Array index is out of range.
  at Arena_Description.Update_Name () [0x00000] in <filename unknown>:0 
  at Arena_Description.Update () [0x00000] in <filename unknown>:0 
 
(Filename:  Line: -1)

Test
 
(Filename: C:/buildslave/unity/build/artifacts/generated/common/runtime/UnityEngineDebugBindings.gen.cpp Line: 42)

IndexOutOfRangeException: Array index is out of range.
  at Arena_Description.Update_Name () [0x00000] in <filename unknown>:0 
  at Arena_Description.Update () [0x00000] in <filename unknown>:0 
 
(Filename:  Line: -1)

Test
 
(Filename: C:/buildslave/unity/build/artifacts/generated/common/runtime/UnityEngineDebugBindings.gen.cpp Line: 42)

IndexOutOfRangeException: Array index is out of range.
  at Arena_Description.Update_Name () [0x00000] in <filename unknown>:0 
  at Arena_Description.Update () [0x00000] in <filename unknown>:0 
 
(Filename:  Line: -1)

Test
 
(Filename: C:/buildslave/unity/build/artifacts/generated/common/runtime/UnityEngineDebugBindings.gen.cpp Line: 42)

IndexOutOfRangeException: Array index is out of range.
  at Arena_Description.Update_Name () [0x00000] in <filename unknown>:0 
  at Arena_Description.Update () [0x00000] in <filename unknown>:0 
 
(Filename:  Line: -1)

Test
 
(Filename: C:/buildslave/unity/build/artifacts/generated/common/runtime/UnityEngineDebugBindings.gen.cpp Line: 42)

IndexOutOfRangeException: Array index is out of range.
  at Arena_Description.Update_Name () [0x00000] in <filename unknown>:0 
  at Arena_Description.Update () [0x00000] in <filename unknown>:0 
 
(Filename:  Line: -1)

Test
 
(Filename: C:/buildslave/unity/build/artifacts/generated/common/runtime/UnityEngineDebugBindings.gen.cpp Line: 42)

IndexOutOfRangeException: Array index is out of range.
  at Arena_Description.Update_Name () [0x00000] in <filename unknown>:0 
  at Arena_Description.Update () [0x00000] in <filename unknown>:0 
 
(Filename:  Line: -1)

Test
 
(Filename: C:/buildslave/unity/build/artifacts/generated/common/runtime/UnityEngineDebugBindings.gen.cpp Line: 42)

IndexOutOfRangeException: Array index is out of range.
  at Arena_Description.Update_Name () [0x00000] in <filename unknown>:0 
  at Arena_Description.Update () [0x00000] in <filename unknown>:0 
 
(Filename:  Line: -1)

Test
 
(Filename: C:/buildslave/unity/build/artifacts/generated/common/runtime/UnityEngineDebugBindings.gen.cpp Line: 42)

IndexOutOfRangeException: Array index is out of range.
  at Arena_Description.Update_Name () [0x00000] in <filename unknown>:0 
  at Arena_Description.Update () [0x00000] in <filename unknown>:0 
 
(Filename:  Line: -1)

Test
 
(Filename: C:/buildslave/unity/build/artifacts/generated/common/runtime/UnityEngineDebugBindings.gen.cpp Line: 42)

IndexOutOfRangeException: Array index is out of range.
  at Arena_Description.Update_Name () [0x00000] in <filename unknown>:0 
  at Arena_Description.Update () [0x00000] in <filename unknown>:0 
 
(Filename:  Line: -1)

Test
 
(Filename: C:/buildslave/unity/build/artifacts/generated/common/runtime/UnityEngineDebugBindings.gen.cpp Line: 42)

IndexOutOfRangeException: Array index is out of range.
  at Arena_Description.Update_Name () [0x00000] in <filename unknown>:0 
  at Arena_Description.Update () [0x00000] in <filename unknown>:0 
 
(Filename:  Line: -1)

Test
 
(Filename: C:/buildslave/unity/build/artifacts/generated/common/runtime/UnityEngineDebugBindings.gen.cpp Line: 42)

IndexOutOfRangeException: Array index is out of range.
  at Arena_Description.Update_Name () [0x00000] in <filename unknown>:0 
  at Arena_Description.Update () [0x00000] in <filename unknown>:0 
 
(Filename:  Line: -1)

Test
 
(Filename: C:/buildslave/unity/build/artifacts/generated/common/runtime/UnityEngineDebugBindings.gen.cpp Line: 42)

IndexOutOfRangeException: Array index is out of range.
  at Arena_Description.Update_Name () [0x00000] in <filename unknown>:0 
  at Arena_Description.Update () [0x00000] in <filename unknown>:0 
 
(Filename:  Line: -1)

Test
 
(Filename: C:/buildslave/unity/build/artifacts/generated/common/runtime/UnityEngineDebugBindings.gen.cpp Line: 42)

IndexOutOfRangeException: Array index is out of range.
  at Arena_Description.Update_Name () [0x00000] in <filename unknown>:0 
  at Arena_Description.Update () [0x00000] in <filename unknown>:0 
 
(Filename:  Line: -1)

Test
 
(Filename: C:/buildslave/unity/build/artifacts/generated/common/runtime/UnityEngineDebugBindings.gen.cpp Line: 42)

IndexOutOfRangeException: Array index is out of range.
  at Arena_Description.Update_Name () [0x00000] in <filename unknown>:0 
  at Arena_Description.Update () [0x00000] in <filename unknown>:0 
 
(Filename:  Line: -1)

Test
 
(Filename: C:/buildslave/unity/build/artifacts/generated/common/runtime/UnityEngineDebugBindings.gen.cpp Line: 42)

IndexOutOfRangeException: Array index is out of range.
  at Arena_Description.Update_Name () [0x00000] in <filename unknown>:0 
  at Arena_Description.Update () [0x00000] in <filename unknown>:0 
 
(Filename:  Line: -1)

Test
 
(Filename: C:/buildslave/unity/build/artifacts/generated/common/runtime/UnityEngineDebugBindings.gen.cpp Line: 42)

IndexOutOfRangeException: Array index is out of range.
  at Arena_Description.Update_Name () [0x00000] in <filename unknown>:0 
  at Arena_Description.Update () [0x00000] in <filename unknown>:0 
 
(Filename:  Line: -1)

Test
 
(Filename: C:/buildslave/unity/build/artifacts/generated/common/runtime/UnityEngineDebugBindings.gen.cpp Line: 42)

IndexOutOfRangeException: Array index is out of range.
  at Arena_Description.Update_Name () [0x00000] in <filename unknown>:0 
  at Arena_Description.Update () [0x00000] in <filename unknown>:0 
 
(Filename:  Line: -1)

Test
 
(Filename: C:/buildslave/unity/build/artifacts/generated/common/runtime/UnityEngineDebugBindings.gen.cpp Line: 42)

IndexOutOfRangeException: Array index is out of range.
  at Arena_Description.Update_Name () [0x00000] in <filename unknown>:0 
  at Arena_Description.Update () [0x00000] in <filename unknown>:0 
 
(Filename:  Line: -1)

Test
 
(Filename: C:/buildslave/unity/build/artifacts/generated/common/runtime/UnityEngineDebugBindings.gen.cpp Line: 42)

IndexOutOfRangeException: Array index is out of range.
  at Arena_Description.Update_Name () [0x00000] in <filename unknown>:0 
  at Arena_Description.Update () [0x00000] in <filename unknown>:0 
 
(Filename:  Line: -1)

Test
 
(Filename: C:/buildslave/unity/build/artifacts/generated/common/runtime/UnityEngineDebugBindings.gen.cpp Line: 42)

IndexOutOfRangeException: Array index is out of range.
  at Arena_Description.Update_Name () [0x00000] in <filename unknown>:0 
  at Arena_Description.Update () [0x00000] in <filename unknown>:0 
 
(Filename:  Line: -1)

Test
 
(Filename: C:/buildslave/unity/build/artifacts/generated/common/runtime/UnityEngineDebugBindings.gen.cpp Line: 42)

IndexOutOfRangeException: Array index is out of range.
  at Arena_Description.Update_Name () [0x00000] in <filename unknown>:0 
  at Arena_Description.Update () [0x00000] in <filename unknown>:0 
 
(Filename:  Line: -1)

Test
 
(Filename: C:/buildslave/unity/build/artifacts/generated/common/runtime/UnityEngineDebugBindings.gen.cpp Line: 42)

IndexOutOfRangeException: Array index is out of range.
  at Arena_Description.Update_Name () [0x00000] in <filename unknown>:0 
  at Arena_Description.Update () [0x00000] in <filename unknown>:0 
 
(Filename:  Line: -1)

Test
 
(Filename: C:/buildslave/unity/build/artifacts/generated/common/runtime/UnityEngineDebugBindings.gen.cpp Line: 42)

IndexOutOfRangeException: Array index is out of range.
  at Arena_Description.Update_Name () [0x00000] in <filename unknown>:0 
  at Arena_Description.Update () [0x00000] in <filename unknown>:0 
 
(Filename:  Line: -1)

Test
 
(Filename: C:/buildslave/unity/build/artifacts/generated/common/runtime/UnityEngineDebugBindings.gen.cpp Line: 42)

IndexOutOfRangeException: Array index is out of range.
  at Arena_Description.Update_Name () [0x00000] in <filename unknown>:0 
  at Arena_Description.Update () [0x00000] in <filename unknown>:0 
 
(Filename:  Line: -1)

Test
 
(Filename: C:/buildslave/unity/build/artifacts/generated/common/runtime/UnityEngineDebugBindings.gen.cpp Line: 42)

IndexOutOfRangeException: Array index is out of range.
  at Arena_Description.Update_Name () [0x00000] in <filename unknown>:0 
  at Arena_Description.Update () [0x00000] in <filename unknown>:0 
 
(Filename:  Line: -1)

Test
 
(Filename: C:/buildslave/unity/build/artifacts/generated/common/runtime/UnityEngineDebugBindings.gen.cpp Line: 42)

IndexOutOfRangeException: Array index is out of range.
  at Arena_Description.Update_Name () [0x00000] in <filename unknown>:0 
  at Arena_Description.Update () [0x00000] in <filename unknown>:0 
 
(Filename:  Line: -1)

Test
 
(Filename: C:/buildslave/unity/build/artifacts/generated/common/runtime/UnityEngineDebugBindings.gen.cpp Line: 42)

IndexOutOfRangeException: Array index is out of range.
  at Arena_Description.Update_Name () [0x00000] in <filename unknown>:0 
  at Arena_Description.Update () [0x00000] in <filename unknown>:0 
 
(Filename:  Line: -1)

Test
 
(Filename: C:/buildslave/unity/build/artifacts/generated/common/runtime/UnityEngineDebugBindings.gen.cpp Line: 42)

IndexOutOfRangeException: Array index is out of range.
  at Arena_Description.Update_Name () [0x00000] in <filename unknown>:0 
  at Arena_Description.Update () [0x00000] in <filename unknown>:0 
 
(Filename:  Line: -1)

Test
 
(Filename: C:/buildslave/unity/build/artifacts/generated/common/runtime/UnityEngineDebugBindings.gen.cpp Line: 42)

IndexOutOfRangeException: Array index is out of range.
  at Arena_Description.Update_Name () [0x00000] in <filename unknown>:0 
  at Arena_Description.Update () [0x00000] in <filename unknown>:0 
 
(Filename:  Line: -1)

Test
 
(Filename: C:/buildslave/unity/build/artifacts/generated/common/runtime/UnityEngineDebugBindings.gen.cpp Line: 42)

IndexOutOfRangeException: Array index is out of range.
  at Arena_Description.Update_Name () [0x00000] in <filename unknown>:0 
  at Arena_Description.Update () [0x00000] in <filename unknown>:0 
 
(Filename:  Line: -1)

Test
 
(Filename: C:/buildslave/unity/build/artifacts/generated/common/runtime/UnityEngineDebugBindings.gen.cpp Line: 42)

IndexOutOfRangeException: Array index is out of range.
  at Arena_Description.Update_Name () [0x00000] in <filename unknown>:0 
  at Arena_Description.Update () [0x00000] in <filename unknown>:0 
 
(Filename:  Line: -1)

Test
 
(Filename: C:/buildslave/unity/build/artifacts/generated/common/runtime/UnityEngineDebugBindings.gen.cpp Line: 42)

IndexOutOfRangeException: Array index is out of range.
  at Arena_Description.Update_Name () [0x00000] in <filename unknown>:0 
  at Arena_Description.Update () [0x00000] in <filename unknown>:0 
 
(Filename:  Line: -1)

Test
 
(Filename: C:/buildslave/unity/build/artifacts/generated/common/runtime/UnityEngineDebugBindings.gen.cpp Line: 42)

IndexOutOfRangeException: Array index is out of range.
  at Arena_Description.Update_Name () [0x00000] in <filename unknown>:0 
  at Arena_Description.Update () [0x00000] in <filename unknown>:0 
 
(Filename:  Line: -1)

Test
 
(Filename: C:/buildslave/unity/build/artifacts/generated/common/runtime/UnityEngineDebugBindings.gen.cpp Line: 42)

IndexOutOfRangeException: Array index is out of range.
  at Arena_Description.Update_Name () [0x00000] in <filename unknown>:0 
  at Arena_Description.Update () [0x00000] in <filename unknown>:0 
 
(Filename:  Line: -1)

Test
 
(Filename: C:/buildslave/unity/build/artifacts/generated/common/runtime/UnityEngineDebugBindings.gen.cpp Line: 42)

IndexOutOfRangeException: Array index is out of range.
  at Arena_Description.Update_Name () [0x00000] in <filename unknown>:0 
  at Arena_Description.Update () [0x00000] in <filename unknown>:0 
 
(Filename:  Line: -1)

Test
 
(Filename: C:/buildslave/unity/build/artifacts/generated/common/runtime/UnityEngineDebugBindings.gen.cpp Line: 42)

IndexOutOfRangeException: Array index is out of range.
  at Arena_Description.Update_Name () [0x00000] in <filename unknown>:0 
  at Arena_Description.Update () [0x00000] in <filename unknown>:0 
 
(Filename:  Line: -1)

Test
 
(Filename: C:/buildslave/unity/build/artifacts/generated/common/runtime/UnityEngineDebugBindings.gen.cpp Line: 42)

IndexOutOfRangeException: Array index is out of range.
  at Arena_Description.Update_Name () [0x00000] in <filename unknown>:0 
  at Arena_Description.Update () [0x00000] in <filename unknown>:0 
 
(Filename:  Line: -1)

Test
 
(Filename: C:/buildslave/unity/build/artifacts/generated/common/runtime/UnityEngineDebugBindings.gen.cpp Line: 42)

IndexOutOfRangeException: Array index is out of range.
  at Arena_Description.Update_Name () [0x00000] in <filename unknown>:0 
  at Arena_Description.Update () [0x00000] in <filename unknown>:0 
 
(Filename:  Line: -1)

Test
 
(Filename: C:/buildslave/unity/build/artifacts/generated/common/runtime/UnityEngineDebugBindings.gen.cpp Line: 42)

IndexOutOfRangeException: Array index is out of range.
  at Arena_Description.Update_Name () [0x00000] in <filename unknown>:0 
  at Arena_Description.Update () [0x00000] in <filename unknown>:0 
 
(Filename:  Line: -1)

Test
 
(Filename: C:/buildslave/unity/build/artifacts/generated/common/runtime/UnityEngineDebugBindings.gen.cpp Line: 42)

IndexOutOfRangeException: Array index is out of range.
  at Arena_Description.Update_Name () [0x00000] in <filename unknown>:0 
  at Arena_Description.Update () [0x00000] in <filename unknown>:0 
 
(Filename:  Line: -1)

Test
 
(Filename: C:/buildslave/unity/build/artifacts/generated/common/runtime/UnityEngineDebugBindings.gen.cpp Line: 42)

IndexOutOfRangeException: Array index is out of range.
  at Arena_Description.Update_Name () [0x00000] in <filename unknown>:0 
  at Arena_Description.Update () [0x00000] in <filename unknown>:0 
 
(Filename:  Line: -1)

Test
 
(Filename: C:/buildslave/unity/build/artifacts/generated/common/runtime/UnityEngineDebugBindings.gen.cpp Line: 42)

IndexOutOfRangeException: Array index is out of range.
  at Arena_Description.Update_Name () [0x00000] in <filename unknown>:0 
  at Arena_Description.Update () [0x00000] in <filename unknown>:0 
 
(Filename:  Line: -1)

Test
 
(Filename: C:/buildslave/unity/build/artifacts/generated/common/runtime/UnityEngineDebugBindings.gen.cpp Line: 42)

IndexOutOfRangeException: Array index is out of range.
  at Arena_Description.Update_Name () [0x00000] in <filename unknown>:0 
  at Arena_Description.Update () [0x00000] in <filename unknown>:0 
 
(Filename:  Line: -1)

Test
 
(Filename: C:/buildslave/unity/build/artifacts/generated/common/runtime/UnityEngineDebugBindings.gen.cpp Line: 42)

IndexOutOfRangeException: Array index is out of range.
  at Arena_Description.Update_Name () [0x00000] in <filename unknown>:0 
  at Arena_Description.Update () [0x00000] in <filename unknown>:0 
 
(Filename:  Line: -1)

Test
 
(Filename: C:/buildslave/unity/build/artifacts/generated/common/runtime/UnityEngineDebugBindings.gen.cpp Line: 42)

IndexOutOfRangeException: Array index is out of range.
  at Arena_Description.Update_Name () [0x00000] in <filename unknown>:0 
  at Arena_Description.Update () [0x00000] in <filename unknown>:0 
 
(Filename:  Line: -1)

Test
 
(Filename: C:/buildslave/unity/build/artifacts/generated/common/runtime/UnityEngineDebugBindings.gen.cpp Line: 42)

IndexOutOfRangeException: Array index is out of range.
  at Arena_Description.Update_Name () [0x00000] in <filename unknown>:0 
  at Arena_Description.Update () [0x00000] in <filename unknown>:0 
 
(Filename:  Line: -1)

Test
 
(Filename: C:/buildslave/unity/build/artifacts/generated/common/runtime/UnityEngineDebugBindings.gen.cpp Line: 42)

IndexOutOfRangeException: Array index is out of range.
  at Arena_Description.Update_Name () [0x00000] in <filename unknown>:0 
  at Arena_Description.Update () [0x00000] in <filename unknown>:0 
 
(Filename:  Line: -1)

Test
 
(Filename: C:/buildslave/unity/build/artifacts/generated/common/runtime/UnityEngineDebugBindings.gen.cpp Line: 42)

IndexOutOfRangeException: Array index is out of range.
  at Arena_Description.Update_Name () [0x00000] in <filename unknown>:0 
  at Arena_Description.Update () [0x00000] in <filename unknown>:0 
 
(Filename:  Line: -1)

Test
 
(Filename: C:/buildslave/unity/build/artifacts/generated/common/runtime/UnityEngineDebugBindings.gen.cpp Line: 42)

IndexOutOfRangeException: Array index is out of range.
  at Arena_Description.Update_Name () [0x00000] in <filename unknown>:0 
  at Arena_Description.Update () [0x00000] in <filename unknown>:0 
 
(Filename:  Line: -1)

Test
 
(Filename: C:/buildslave/unity/build/artifacts/generated/common/runtime/UnityEngineDebugBindings.gen.cpp Line: 42)

IndexOutOfRangeException: Array index is out of range.
  at Arena_Description.Update_Name () [0x00000] in <filename unknown>:0 
  at Arena_Description.Update () [0x00000] in <filename unknown>:0 
 
(Filename:  Line: -1)

Test
 
(Filename: C:/buildslave/unity/build/artifacts/generated/common/runtime/UnityEngineDebugBindings.gen.cpp Line: 42)

IndexOutOfRangeException: Array index is out of range.
  at Arena_Description.Update_Name () [0x00000] in <filename unknown>:0 
  at Arena_Description.Update () [0x00000] in <filename unknown>:0 
 
(Filename:  Line: -1)

Test
 
(Filename: C:/buildslave/unity/build/artifacts/generated/common/runtime/UnityEngineDebugBindings.gen.cpp Line: 42)

IndexOutOfRangeException: Array index is out of range.
  at Arena_Description.Update_Name () [0x00000] in <filename unknown>:0 
  at Arena_Description.Update () [0x00000] in <filename unknown>:0 
 
(Filename:  Line: -1)

Test
 
(Filename: C:/buildslave/unity/build/artifacts/generated/common/runtime/UnityEngineDebugBindings.gen.cpp Line: 42)

IndexOutOfRangeException: Array index is out of range.
  at Arena_Description.Update_Name () [0x00000] in <filename unknown>:0 
  at Arena_Description.Update () [0x00000] in <filename unknown>:0 
 
(Filename:  Line: -1)

Test
 
(Filename: C:/buildslave/unity/build/artifacts/generated/common/runtime/UnityEngineDebugBindings.gen.cpp Line: 42)

IndexOutOfRangeException: Array index is out of range.
  at Arena_Description.Update_Name () [0x00000] in <filename unknown>:0 
  at Arena_Description.Update () [0x00000] in <filename unknown>:0 
 
(Filename:  Line: -1)

Test
 
(Filename: C:/buildslave/unity/build/artifacts/generated/common/runtime/UnityEngineDebugBindings.gen.cpp Line: 42)

IndexOutOfRangeException: Array index is out of range.
  at Arena_Description.Update_Name () [0x00000] in <filename unknown>:0 
  at Arena_Description.Update () [0x00000] in <filename unknown>:0 
 
(Filename:  Line: -1)

Test
 
(Filename: C:/buildslave/unity/build/artifacts/generated/common/runtime/UnityEngineDebugBindings.gen.cpp Line: 42)

IndexOutOfRangeException: Array index is out of range.
  at Arena_Description.Update_Name () [0x00000] in <filename unknown>:0 
  at Arena_Description.Update () [0x00000] in <filename unknown>:0 
 
(Filename:  Line: -1)

Test
 
(Filename: C:/buildslave/unity/build/artifacts/generated/common/runtime/UnityEngineDebugBindings.gen.cpp Line: 42)

IndexOutOfRangeException: Array index is out of range.
  at Arena_Description.Update_Name () [0x00000] in <filename unknown>:0 
  at Arena_Description.Update () [0x00000] in <filename unknown>:0 
 
(Filename:  Line: -1)

Test
 
(Filename: C:/buildslave/unity/build/artifacts/generated/common/runtime/UnityEngineDebugBindings.gen.cpp Line: 42)

IndexOutOfRangeException: Array index is out of range.
  at Arena_Description.Update_Name () [0x00000] in <filename unknown>:0 
  at Arena_Description.Update () [0x00000] in <filename unknown>:0 
 
(Filename:  Line: -1)

Test
 
(Filename: C:/buildslave/unity/build/artifacts/generated/common/runtime/UnityEngineDebugBindings.gen.cpp Line: 42)

IndexOutOfRangeException: Array index is out of range.
  at Arena_Description.Update_Name () [0x00000] in <filename unknown>:0 
  at Arena_Description.Update () [0x00000] in <filename unknown>:0 
 
(Filename:  Line: -1)

Test
 
(Filename: C:/buildslave/unity/build/artifacts/generated/common/runtime/UnityEngineDebugBindings.gen.cpp Line: 42)

IndexOutOfRangeException: Array index is out of range.
  at Arena_Description.Update_Name () [0x00000] in <filename unknown>:0 
  at Arena_Description.Update () [0x00000] in <filename unknown>:0 
 
(Filename:  Line: -1)

Test
 
(Filename: C:/buildslave/unity/build/artifacts/generated/common/runtime/UnityEngineDebugBindings.gen.cpp Line: 42)

IndexOutOfRangeException: Array index is out of range.
  at Arena_Description.Update_Name () [0x00000] in <filename unknown>:0 
  at Arena_Description.Update () [0x00000] in <filename unknown>:0 
 
(Filename:  Line: -1)

Test
 
(Filename: C:/buildslave/unity/build/artifacts/generated/common/runtime/UnityEngineDebugBindings.gen.cpp Line: 42)

IndexOutOfRangeException: Array index is out of range.
  at Arena_Description.Update_Name () [0x00000] in <filename unknown>:0 
  at Arena_Description.Update () [0x00000] in <filename unknown>:0 
 
(Filename:  Line: -1)

Test
 
(Filename: C:/buildslave/unity/build/artifacts/generated/common/runtime/UnityEngineDebugBindings.gen.cpp Line: 42)

IndexOutOfRangeException: Array index is out of range.
  at Arena_Description.Update_Name () [0x00000] in <filename unknown>:0 
  at Arena_Description.Update () [0x00000] in <filename unknown>:0 
 
(Filename:  Line: -1)

Test
 
(Filename: C:/buildslave/unity/build/artifacts/generated/common/runtime/UnityEngineDebugBindings.gen.cpp Line: 42)

IndexOutOfRangeException: Array index is out of range.
  at Arena_Description.Update_Name () [0x00000] in <filename unknown>:0 
  at Arena_Description.Update () [0x00000] in <filename unknown>:0 
 
(Filename:  Line: -1)

Test
 
(Filename: C:/buildslave/unity/build/artifacts/generated/common/runtime/UnityEngineDebugBindings.gen.cpp Line: 42)

IndexOutOfRangeException: Array index is out of range.
  at Arena_Description.Update_Name () [0x00000] in <filename unknown>:0 
  at Arena_Description.Update () [0x00000] in <filename unknown>:0 
 
(Filename:  Line: -1)

Test
 
(Filename: C:/buildslave/unity/build/artifacts/generated/common/runtime/UnityEngineDebugBindings.gen.cpp Line: 42)

IndexOutOfRangeException: Array index is out of range.
  at Arena_Description.Update_Name () [0x00000] in <filename unknown>:0 
  at Arena_Description.Update () [0x00000] in <filename unknown>:0 
 
(Filename:  Line: -1)

Test
 
(Filename: C:/buildslave/unity/build/artifacts/generated/common/runtime/UnityEngineDebugBindings.gen.cpp Line: 42)

IndexOutOfRangeException: Array index is out of range.
  at Arena_Description.Update_Name () [0x00000] in <filename unknown>:0 
  at Arena_Description.Update () [0x00000] in <filename unknown>:0 
 
(Filename:  Line: -1)

Test
 
(Filename: C:/buildslave/unity/build/artifacts/generated/common/runtime/UnityEngineDebugBindings.gen.cpp Line: 42)

IndexOutOfRangeException: Array index is out of range.
  at Arena_Description.Update_Name () [0x00000] in <filename unknown>:0 
  at Arena_Description.Update () [0x00000] in <filename unknown>:0 
 
(Filename:  Line: -1)

Test
 
(Filename: C:/buildslave/unity/build/artifacts/generated/common/runtime/UnityEngineDebugBindings.gen.cpp Line: 42)

IndexOutOfRangeException: Array index is out of range.
  at Arena_Description.Update_Name () [0x00000] in <filename unknown>:0 
  at Arena_Description.Update () [0x00000] in <filename unknown>:0 
 
(Filename:  Line: -1)

Test
 
(Filename: C:/buildslave/unity/build/artifacts/generated/common/runtime/UnityEngineDebugBindings.gen.cpp Line: 42)

IndexOutOfRangeException: Array index is out of range.
  at Arena_Description.Update_Name () [0x00000] in <filename unknown>:0 
  at Arena_Description.Update () [0x00000] in <filename unknown>:0 
 
(Filename:  Line: -1)

Test
 
(Filename: C:/buildslave/unity/build/artifacts/generated/common/runtime/UnityEngineDebugBindings.gen.cpp Line: 42)

IndexOutOfRangeException: Array index is out of range.
  at Arena_Description.Update_Name () [0x00000] in <filename unknown>:0 
  at Arena_Description.Update () [0x00000] in <filename unknown>:0 
 
(Filename:  Line: -1)

Test
 
(Filename: C:/buildslave/unity/build/artifacts/generated/common/runtime/UnityEngineDebugBindings.gen.cpp Line: 42)

IndexOutOfRangeException: Array index is out of range.
  at Arena_Description.Update_Name () [0x00000] in <filename unknown>:0 
  at Arena_Description.Update () [0x00000] in <filename unknown>:0 
 
(Filename:  Line: -1)

Test
 
(Filename: C:/buildslave/unity/build/artifacts/generated/common/runtime/UnityEngineDebugBindings.gen.cpp Line: 42)

IndexOutOfRangeException: Array index is out of range.
  at Arena_Description.Update_Name () [0x00000] in <filename unknown>:0 
  at Arena_Description.Update () [0x00000] in <filename unknown>:0 
 
(Filename:  Line: -1)

Test
 
(Filename: C:/buildslave/unity/build/artifacts/generated/common/runtime/UnityEngineDebugBindings.gen.cpp Line: 42)

IndexOutOfRangeException: Array index is out of range.
  at Arena_Description.Update_Name () [0x00000] in <filename unknown>:0 
  at Arena_Description.Update () [0x00000] in <filename unknown>:0 
 
(Filename:  Line: -1)

Test
 
(Filename: C:/buildslave/unity/build/artifacts/generated/common/runtime/UnityEngineDebugBindings.gen.cpp Line: 42)

IndexOutOfRangeException: Array index is out of range.
  at Arena_Description.Update_Name () [0x00000] in <filename unknown>:0 
  at Arena_Description.Update () [0x00000] in <filename unknown>:0 
 
(Filename:  Line: -1)

Test
 
(Filename: C:/buildslave/unity/build/artifacts/generated/common/runtime/UnityEngineDebugBindings.gen.cpp Line: 42)

IndexOutOfRangeException: Array index is out of range.
  at Arena_Description.Update_Name () [0x00000] in <filename unknown>:0 
  at Arena_Description.Update () [0x00000] in <filename unknown>:0 
 
(Filename:  Line: -1)

Test
 
(Filename: C:/buildslave/unity/build/artifacts/generated/common/runtime/UnityEngineDebugBindings.gen.cpp Line: 42)

IndexOutOfRangeException: Array index is out of range.
  at Arena_Description.Update_Name () [0x00000] in <filename unknown>:0 
  at Arena_Description.Update () [0x00000] in <filename unknown>:0 
 
(Filename:  Line: -1)

Test
 
(Filename: C:/buildslave/unity/build/artifacts/generated/common/runtime/UnityEngineDebugBindings.gen.cpp Line: 42)

IndexOutOfRangeException: Array index is out of range.
  at Arena_Description.Update_Name () [0x00000] in <filename unknown>:0 
  at Arena_Description.Update () [0x00000] in <filename unknown>:0 
 
(Filename:  Line: -1)

Test
 
(Filename: C:/buildslave/unity/build/artifacts/generated/common/runtime/UnityEngineDebugBindings.gen.cpp Line: 42)

IndexOutOfRangeException: Array index is out of range.
  at Arena_Description.Update_Name () [0x00000] in <filename unknown>:0 
  at Arena_Description.Update () [0x00000] in <filename unknown>:0 
 
(Filename:  Line: -1)

Test
 
(Filename: C:/buildslave/unity/build/artifacts/generated/common/runtime/UnityEngineDebugBindings.gen.cpp Line: 42)

IndexOutOfRangeException: Array index is out of range.
  at Arena_Description.Update_Name () [0x00000] in <filename unknown>:0 
  at Arena_Description.Update () [0x00000] in <filename unknown>:0 
 
(Filename:  Line: -1)

Test
 
(Filename: C:/buildslave/unity/build/artifacts/generated/common/runtime/UnityEngineDebugBindings.gen.cpp Line: 42)

IndexOutOfRangeException: Array index is out of range.
  at Arena_Description.Update_Name () [0x00000] in <filename unknown>:0 
  at Arena_Description.Update () [0x00000] in <filename unknown>:0 
 
(Filename:  Line: -1)

Test
 
(Filename: C:/buildslave/unity/build/artifacts/generated/common/runtime/UnityEngineDebugBindings.gen.cpp Line: 42)

IndexOutOfRangeException: Array index is out of range.
  at Arena_Description.Update_Name () [0x00000] in <filename unknown>:0 
  at Arena_Description.Update () [0x00000] in <filename unknown>:0 
 
(Filename:  Line: -1)

Test
 
(Filename: C:/buildslave/unity/build/artifacts/generated/common/runtime/UnityEngineDebugBindings.gen.cpp Line: 42)

IndexOutOfRangeException: Array index is out of range.
  at Arena_Description.Update_Name () [0x00000] in <filename unknown>:0 
  at Arena_Description.Update () [0x00000] in <filename unknown>:0 
 
(Filename:  Line: -1)

Test
 
(Filename: C:/buildslave/unity/build/artifacts/generated/common/runtime/UnityEngineDebugBindings.gen.cpp Line: 42)

IndexOutOfRangeException: Array index is out of range.
  at Arena_Description.Update_Name () [0x00000] in <filename unknown>:0 
  at Arena_Description.Update () [0x00000] in <filename unknown>:0 
 
(Filename:  Line: -1)

Test
 
(Filename: C:/buildslave/unity/build/artifacts/generated/common/runtime/UnityEngineDebugBindings.gen.cpp Line: 42)

IndexOutOfRangeException: Array index is out of range.
  at Arena_Description.Update_Name () [0x00000] in <filename unknown>:0 
  at Arena_Description.Update () [0x00000] in <filename unknown>:0 
 
(Filename:  Line: -1)

Test
 
(Filename: C:/buildslave/unity/build/artifacts/generated/common/runtime/UnityEngineDebugBindings.gen.cpp Line: 42)

IndexOutOfRangeException: Array index is out of range.
  at Arena_Description.Update_Name () [0x00000] in <filename unknown>:0 
  at Arena_Description.Update () [0x00000] in <filename unknown>:0 
 
(Filename:  Line: -1)

Test
 
(Filename: C:/buildslave/unity/build/artifacts/generated/common/runtime/UnityEngineDebugBindings.gen.cpp Line: 42)

IndexOutOfRangeException: Array index is out of range.
  at Arena_Description.Update_Name () [0x00000] in <filename unknown>:0 
  at Arena_Description.Update () [0x00000] in <filename unknown>:0 
 
(Filename:  Line: -1)

Test
 
(Filename: C:/buildslave/unity/build/artifacts/generated/common/runtime/UnityEngineDebugBindings.gen.cpp Line: 42)

IndexOutOfRangeException: Array index is out of range.
  at Arena_Description.Update_Name () [0x00000] in <filename unknown>:0 
  at Arena_Description.Update () [0x00000] in <filename unknown>:0 
 
(Filename:  Line: -1)

Test
 
(Filename: C:/buildslave/unity/build/artifacts/generated/common/runtime/UnityEngineDebugBindings.gen.cpp Line: 42)

IndexOutOfRangeException: Array index is out of range.
  at Arena_Description.Update_Name () [0x00000] in <filename unknown>:0 
  at Arena_Description.Update () [0x00000] in <filename unknown>:0 
 
(Filename:  Line: -1)

Test
 
(Filename: C:/buildslave/unity/build/artifacts/generated/common/runtime/UnityEngineDebugBindings.gen.cpp Line: 42)

IndexOutOfRangeException: Array index is out of range.
  at Arena_Description.Update_Name () [0x00000] in <filename unknown>:0 
  at Arena_Description.Update () [0x00000] in <filename unknown>:0 
 
(Filename:  Line: -1)

Test
 
(Filename: C:/buildslave/unity/build/artifacts/generated/common/runtime/UnityEngineDebugBindings.gen.cpp Line: 42)

IndexOutOfRangeException: Array index is out of range.
  at Arena_Description.Update_Name () [0x00000] in <filename unknown>:0 
  at Arena_Description.Update () [0x00000] in <filename unknown>:0 
 
(Filename:  Line: -1)

Test
 
(Filename: C:/buildslave/unity/build/artifacts/generated/common/runtime/UnityEngineDebugBindings.gen.cpp Line: 42)

IndexOutOfRangeException: Array index is out of range.
  at Arena_Description.Update_Name () [0x00000] in <filename unknown>:0 
  at Arena_Description.Update () [0x00000] in <filename unknown>:0 
 
(Filename:  Line: -1)

Test
 
(Filename: C:/buildslave/unity/build/artifacts/generated/common/runtime/UnityEngineDebugBindings.gen.cpp Line: 42)

IndexOutOfRangeException: Array index is out of range.
  at Arena_Description.Update_Name () [0x00000] in <filename unknown>:0 
  at Arena_Description.Update () [0x00000] in <filename unknown>:0 
 
(Filename:  Line: -1)

Test
 
(Filename: C:/buildslave/unity/build/artifacts/generated/common/runtime/UnityEngineDebugBindings.gen.cpp Line: 42)

IndexOutOfRangeException: Array index is out of range.
  at Arena_Description.Update_Name () [0x00000] in <filename unknown>:0 
  at Arena_Description.Update () [0x00000] in <filename unknown>:0 
 
(Filename:  Line: -1)

Test
 
(Filename: C:/buildslave/unity/build/artifacts/generated/common/runtime/UnityEngineDebugBindings.gen.cpp Line: 42)

IndexOutOfRangeException: Array index is out of range.
  at Arena_Description.Update_Name () [0x00000] in <filename unknown>:0 
  at Arena_Description.Update () [0x00000] in <filename unknown>:0 
 
(Filename:  Line: -1)

Test
 
(Filename: C:/buildslave/unity/build/artifacts/generated/common/runtime/UnityEngineDebugBindings.gen.cpp Line: 42)

IndexOutOfRangeException: Array index is out of range.
  at Arena_Description.Update_Name () [0x00000] in <filename unknown>:0 
  at Arena_Description.Update () [0x00000] in <filename unknown>:0 
 
(Filename:  Line: -1)

Test
 
(Filename: C:/buildslave/unity/build/artifacts/generated/common/runtime/UnityEngineDebugBindings.gen.cpp Line: 42)

IndexOutOfRangeException: Array index is out of range.
  at Arena_Description.Update_Name () [0x00000] in <filename unknown>:0 
  at Arena_Description.Update () [0x00000] in <filename unknown>:0 
 
(Filename:  Line: -1)

Test
 
(Filename: C:/buildslave/unity/build/artifacts/generated/common/runtime/UnityEngineDebugBindings.gen.cpp Line: 42)

IndexOutOfRangeException: Array index is out of range.
  at Arena_Description.Update_Name () [0x00000] in <filename unknown>:0 
  at Arena_Description.Update () [0x00000] in <filename unknown>:0 
 
(Filename:  Line: -1)

Test
 
(Filename: C:/buildslave/unity/build/artifacts/generated/common/runtime/UnityEngineDebugBindings.gen.cpp Line: 42)

IndexOutOfRangeException: Array index is out of range.
  at Arena_Description.Update_Name () [0x00000] in <filename unknown>:0 
  at Arena_Description.Update () [0x00000] in <filename unknown>:0 
 
(Filename:  Line: -1)

Test
 
(Filename: C:/buildslave/unity/build/artifacts/generated/common/runtime/UnityEngineDebugBindings.gen.cpp Line: 42)

IndexOutOfRangeException: Array index is out of range.
  at Arena_Description.Update_Name () [0x00000] in <filename unknown>:0 
  at Arena_Description.Update () [0x00000] in <filename unknown>:0 
 
(Filename:  Line: -1)

Test
 
(Filename: C:/buildslave/unity/build/artifacts/generated/common/runtime/UnityEngineDebugBindings.gen.cpp Line: 42)

IndexOutOfRangeException: Array index is out of range.
  at Arena_Description.Update_Name () [0x00000] in <filename unknown>:0 
  at Arena_Description.Update () [0x00000] in <filename unknown>:0 
 
(Filename:  Line: -1)

Test
 
(Filename: C:/buildslave/unity/build/artifacts/generated/common/runtime/UnityEngineDebugBindings.gen.cpp Line: 42)

IndexOutOfRangeException: Array index is out of range.
  at Arena_Description.Update_Name () [0x00000] in <filename unknown>:0 
  at Arena_Description.Update () [0x00000] in <filename unknown>:0 
 
(Filename:  Line: -1)

Test
 
(Filename: C:/buildslave/unity/build/artifacts/generated/common/runtime/UnityEngineDebugBindings.gen.cpp Line: 42)

IndexOutOfRangeException: Array index is out of range.
  at Arena_Description.Update_Name () [0x00000] in <filename unknown>:0 
  at Arena_Description.Update () [0x00000] in <filename unknown>:0 
 
(Filename:  Line: -1)

Test
 
(Filename: C:/buildslave/unity/build/artifacts/generated/common/runtime/UnityEngineDebugBindings.gen.cpp Line: 42)

IndexOutOfRangeException: Array index is out of range.
  at Arena_Description.Update_Name () [0x00000] in <filename unknown>:0 
  at Arena_Description.Update () [0x00000] in <filename unknown>:0 
 
(Filename:  Line: -1)

Test
 
(Filename: C:/buildslave/unity/build/artifacts/generated/common/runtime/UnityEngineDebugBindings.gen.cpp Line: 42)

IndexOutOfRangeException: Array index is out of range.
  at Arena_Description.Update_Name () [0x00000] in <filename unknown>:0 
  at Arena_Description.Update () [0x00000] in <filename unknown>:0 
 
(Filename:  Line: -1)

Test
 
(Filename: C:/buildslave/unity/build/artifacts/generated/common/runtime/UnityEngineDebugBindings.gen.cpp Line: 42)

IndexOutOfRangeException: Array index is out of range.
  at Arena_Description.Update_Name () [0x00000] in <filename unknown>:0 
  at Arena_Description.Update () [0x00000] in <filename unknown>:0 
 
(Filename:  Line: -1)

Test
 
(Filename: C:/buildslave/unity/build/artifacts/generated/common/runtime/UnityEngineDebugBindings.gen.cpp Line: 42)

IndexOutOfRangeException: Array index is out of range.
  at Arena_Description.Update_Name () [0x00000] in <filename unknown>:0 
  at Arena_Description.Update () [0x00000] in <filename unknown>:0 
 
(Filename:  Line: -1)

Test
 
(Filename: C:/buildslave/unity/build/artifacts/generated/common/runtime/UnityEngineDebugBindings.gen.cpp Line: 42)

IndexOutOfRangeException: Array index is out of range.
  at Arena_Description.Update_Name () [0x00000] in <filename unknown>:0 
  at Arena_Description.Update () [0x00000] in <filename unknown>:0 
 
(Filename:  Line: -1)

Test
 
(Filename: C:/buildslave/unity/build/artifacts/generated/common/runtime/UnityEngineDebugBindings.gen.cpp Line: 42)

IndexOutOfRangeException: Array index is out of range.
  at Arena_Description.Update_Name () [0x00000] in <filename unknown>:0 
  at Arena_Description.Update () [0x00000] in <filename unknown>:0 
 
(Filename:  Line: -1)

Test
 
(Filename: C:/buildslave/unity/build/artifacts/generated/common/runtime/UnityEngineDebugBindings.gen.cpp Line: 42)

IndexOutOfRangeException: Array index is out of range.
  at Arena_Description.Update_Name () [0x00000] in <filename unknown>:0 
  at Arena_Description.Update () [0x00000] in <filename unknown>:0 
 
(Filename:  Line: -1)

Test
 
(Filename: C:/buildslave/unity/build/artifacts/generated/common/runtime/UnityEngineDebugBindings.gen.cpp Line: 42)

IndexOutOfRangeException: Array index is out of range.
  at Arena_Description.Update_Name () [0x00000] in <filename unknown>:0 
  at Arena_Description.Update () [0x00000] in <filename unknown>:0 
 
(Filename:  Line: -1)

Test
 
(Filename: C:/buildslave/unity/build/artifacts/generated/common/runtime/UnityEngineDebugBindings.gen.cpp Line: 42)

IndexOutOfRangeException: Array index is out of range.
  at Arena_Description.Update_Name () [0x00000] in <filename unknown>:0 
  at Arena_Description.Update () [0x00000] in <filename unknown>:0 
 
(Filename:  Line: -1)

Test
 
(Filename: C:/buildslave/unity/build/artifacts/generated/common/runtime/UnityEngineDebugBindings.gen.cpp Line: 42)

IndexOutOfRangeException: Array index is out of range.
  at Arena_Description.Update_Name () [0x00000] in <filename unknown>:0 
  at Arena_Description.Update () [0x00000] in <filename unknown>:0 
 
(Filename:  Line: -1)

Test
 
(Filename: C:/buildslave/unity/build/artifacts/generated/common/runtime/UnityEngineDebugBindings.gen.cpp Line: 42)

IndexOutOfRangeException: Array index is out of range.
  at Arena_Description.Update_Name () [0x00000] in <filename unknown>:0 
  at Arena_Description.Update () [0x00000] in <filename unknown>:0 
 
(Filename:  Line: -1)

Test
 
(Filename: C:/buildslave/unity/build/artifacts/generated/common/runtime/UnityEngineDebugBindings.gen.cpp Line: 42)

IndexOutOfRangeException: Array index is out of range.
  at Arena_Description.Update_Name () [0x00000] in <filename unknown>:0 
  at Arena_Description.Update () [0x00000] in <filename unknown>:0 
 
(Filename:  Line: -1)

Test
 
(Filename: C:/buildslave/unity/build/artifacts/generated/common/runtime/UnityEngineDebugBindings.gen.cpp Line: 42)

IndexOutOfRangeException: Array index is out of range.
  at Arena_Description.Update_Name () [0x00000] in <filename unknown>:0 
  at Arena_Description.Update () [0x00000] in <filename unknown>:0 
 
(Filename:  Line: -1)

Test
 
(Filename: C:/buildslave/unity/build/artifacts/generated/common/runtime/UnityEngineDebugBindings.gen.cpp Line: 42)

IndexOutOfRangeException: Array index is out of range.
  at Arena_Description.Update_Name () [0x00000] in <filename unknown>:0 
  at Arena_Description.Update () [0x00000] in <filename unknown>:0 
 
(Filename:  Line: -1)

Test
 
(Filename: C:/buildslave/unity/build/artifacts/generated/common/runtime/UnityEngineDebugBindings.gen.cpp Line: 42)

IndexOutOfRangeException: Array index is out of range.
  at Arena_Description.Update_Name () [0x00000] in <filename unknown>:0 
  at Arena_Description.Update () [0x00000] in <filename unknown>:0 
 
(Filename:  Line: -1)

Test
 
(Filename: C:/buildslave/unity/build/artifacts/generated/common/runtime/UnityEngineDebugBindings.gen.cpp Line: 42)

IndexOutOfRangeException: Array index is out of range.
  at Arena_Description.Update_Name () [0x00000] in <filename unknown>:0 
  at Arena_Description.Update () [0x00000] in <filename unknown>:0 
 
(Filename:  Line: -1)

Test
 
(Filename: C:/buildslave/unity/build/artifacts/generated/common/runtime/UnityEngineDebugBindings.gen.cpp Line: 42)

IndexOutOfRangeException: Array index is out of range.
  at Arena_Description.Update_Name () [0x00000] in <filename unknown>:0 
  at Arena_Description.Update () [0x00000] in <filename unknown>:0 
 
(Filename:  Line: -1)

Test
 
(Filename: C:/buildslave/unity/build/artifacts/generated/common/runtime/UnityEngineDebugBindings.gen.cpp Line: 42)

IndexOutOfRangeException: Array index is out of range.
  at Arena_Description.Update_Name () [0x00000] in <filename unknown>:0 
  at Arena_Description.Update () [0x00000] in <filename unknown>:0 
 
(Filename:  Line: -1)

Test
 
(Filename: C:/buildslave/unity/build/artifacts/generated/common/runtime/UnityEngineDebugBindings.gen.cpp Line: 42)

IndexOutOfRangeException: Array index is out of range.
  at Arena_Description.Update_Name () [0x00000] in <filename unknown>:0 
  at Arena_Description.Update () [0x00000] in <filename unknown>:0 
 
(Filename:  Line: -1)

Test
 
(Filename: C:/buildslave/unity/build/artifacts/generated/common/runtime/UnityEngineDebugBindings.gen.cpp Line: 42)

IndexOutOfRangeException: Array index is out of range.
  at Arena_Description.Update_Name () [0x00000] in <filename unknown>:0 
  at Arena_Description.Update () [0x00000] in <filename unknown>:0 
 
(Filename:  Line: -1)

Test
 
(Filename: C:/buildslave/unity/build/artifacts/generated/common/runtime/UnityEngineDebugBindings.gen.cpp Line: 42)

IndexOutOfRangeException: Array index is out of range.
  at Arena_Description.Update_Name () [0x00000] in <filename unknown>:0 
  at Arena_Description.Update () [0x00000] in <filename unknown>:0 
 
(Filename:  Line: -1)

Test
 
(Filename: C:/buildslave/unity/build/artifacts/generated/common/runtime/UnityEngineDebugBindings.gen.cpp Line: 42)

Test
 
(Filename: C:/buildslave/unity/build/artifacts/generated/common/runtime/UnityEngineDebugBindings.gen.cpp Line: 42)

Unloading 5 Unused Serialized files (Serialized files now loaded: 0)
UnloadTime: 0.374925 ms

Unloading 23 unused Assets to reduce memory usage. Loaded Objects now: 908.
Total: 1.938925 ms (FindLiveObjects: 0.052827 ms CreateObjectMapping: 0.025961 ms MarkObjects: 0.375529 ms  DeleteObjects: 1.483702 ms)

Bullet
 
(Filename: C:/buildslave/unity/build/artifacts/generated/common/runtime/UnityEngineDebugBindings.gen.cpp Line: 42)

Bullet
 
(Filename: C:/buildslave/unity/build/artifacts/generated/common/runtime/UnityEngineDebugBindings.gen.cpp Line: 42)

Aucune image trouvée
 
(Filename: C:/buildslave/unity/build/artifacts/generated/common/runtime/UnityEngineDebugBindings.gen.cpp Line: 42)

Pas de targets spécifique pour cette arene
 
(Filename: C:/buildslave/unity/build/artifacts/generated/common/runtime/UnityEngineDebugBindings.gen.cpp Line: 42)

